[18Nov2023 13:35:03.461] [main/INFO] [cpw.mods.modlauncher.Launcher/MODLAUNCHER]: ModLauncher running: args [--launchTarget, forgeserver, --fml.forgeVersion, 43.3.0, --fml.mcVersion, 1.19.2, --fml.forgeGroup, net.minecraftforge, --fml.mcpVersion, 20220805.130853]
[18Nov2023 13:35:03.464] [main/INFO] [cpw.mods.modlauncher.Launcher/MODLAUNCHER]: ModLauncher 10.0.8+10.0.8+main.0ef7e830 starting: java version 17.0.8.1 by Eclipse Adoptium; OS Windows 11 arch amd64 version 10.0
[18Nov2023 13:35:03.495] [main/DEBUG] [cpw.mods.modlauncher.LaunchServiceHandler/MODLAUNCHER]: Found launch services [fmlclientdev,forgeclient,minecraft,forgegametestserverdev,fmlserveruserdev,fmlclient,fmldatauserdev,forgeserverdev,forgeserveruserdev,forgeclientdev,forgeclientuserdev,forgeserver,forgedatadev,fmlserver,fmlclientuserdev,fmlserverdev,forgedatauserdev,testharness,forgegametestserveruserdev]
[18Nov2023 13:35:03.509] [main/DEBUG] [cpw.mods.modlauncher.NameMappingServiceHandler/MODLAUNCHER]: Found naming services : [srgtomcp]
[18Nov2023 13:35:03.518] [main/DEBUG] [cpw.mods.modlauncher.LaunchPluginHandler/MODLAUNCHER]: Found launch plugins: [mixin,eventbus,slf4jfixer,object_holder_definalize,runtime_enum_extender,capability_token_subclass,accesstransformer,runtimedistcleaner]
[18Nov2023 13:35:03.526] [main/DEBUG] [cpw.mods.modlauncher.TransformationServicesHandler/MODLAUNCHER]: Discovering transformation services
[18Nov2023 13:35:03.531] [main/DEBUG] [cpw.mods.modlauncher.TransformationServicesHandler/MODLAUNCHER]: Found additional transformation services from discovery services: 
[18Nov2023 13:35:03.537] [main/DEBUG] [cpw.mods.modlauncher.TransformationServicesHandler/MODLAUNCHER]: Found transformer services : [mixin,fml]
[18Nov2023 13:35:03.538] [main/DEBUG] [cpw.mods.modlauncher.TransformationServicesHandler/MODLAUNCHER]: Transformation services loading
[18Nov2023 13:35:03.538] [main/DEBUG] [cpw.mods.modlauncher.TransformationServiceDecorator/MODLAUNCHER]: Loading service mixin
[18Nov2023 13:35:03.538] [main/DEBUG] [cpw.mods.modlauncher.TransformationServiceDecorator/MODLAUNCHER]: Loaded service mixin
[18Nov2023 13:35:03.538] [main/DEBUG] [cpw.mods.modlauncher.TransformationServiceDecorator/MODLAUNCHER]: Loading service fml
[18Nov2023 13:35:03.540] [main/DEBUG] [net.minecraftforge.fml.loading.LauncherVersion/CORE]: Found FMLLauncher version 1.0
[18Nov2023 13:35:03.540] [main/DEBUG] [net.minecraftforge.fml.loading.FMLLoader/CORE]: FML 1.0 loading
[18Nov2023 13:35:03.540] [main/DEBUG] [net.minecraftforge.fml.loading.FMLLoader/CORE]: FML found ModLauncher version : 10.0.8+10.0.8+main.0ef7e830
[18Nov2023 13:35:03.540] [main/DEBUG] [net.minecraftforge.fml.loading.FMLLoader/CORE]: FML found AccessTransformer version : 8.0.4+66+master.c09db6d7
[18Nov2023 13:35:03.540] [main/DEBUG] [net.minecraftforge.fml.loading.FMLLoader/CORE]: FML found EventBus version : 6.0.3+6.0.3+master.039e4ea9
[18Nov2023 13:35:03.542] [main/DEBUG] [net.minecraftforge.fml.loading.FMLLoader/CORE]: Found Runtime Dist Cleaner
[18Nov2023 13:35:03.543] [main/DEBUG] [net.minecraftforge.fml.loading.FMLLoader/CORE]: FML found CoreMod version : 5.0.1+15+master.dc5a2922
[18Nov2023 13:35:03.543] [main/DEBUG] [net.minecraftforge.fml.loading.FMLLoader/CORE]: Found ForgeSPI package implementation version 6.0.0+6.0.0+master.42474703
[18Nov2023 13:35:03.543] [main/DEBUG] [net.minecraftforge.fml.loading.FMLLoader/CORE]: Found ForgeSPI package specification 5
[18Nov2023 13:35:03.544] [main/DEBUG] [cpw.mods.modlauncher.TransformationServiceDecorator/MODLAUNCHER]: Loaded service fml
[18Nov2023 13:35:03.545] [main/DEBUG] [cpw.mods.modlauncher.TransformationServicesHandler/MODLAUNCHER]: Configuring option handling for services
[18Nov2023 13:35:03.550] [main/DEBUG] [cpw.mods.modlauncher.TransformationServicesHandler/MODLAUNCHER]: Transformation services initializing
[18Nov2023 13:35:03.550] [main/DEBUG] [cpw.mods.modlauncher.TransformationServiceDecorator/MODLAUNCHER]: Initializing transformation service mixin
[18Nov2023 13:35:03.559] [main/DEBUG] [mixin/]: MixinService [ModLauncher] was successfully booted in cpw.mods.cl.ModuleClassLoader@33723e30
[18Nov2023 13:35:03.569] [main/INFO] [mixin/]: SpongePowered MIXIN Subsystem Version=0.8.5 Source=union:/C:/Users/lewis/Desktop/Project%20SkyQ%202%20Server%201.1.2/libraries/org/spongepowered/mixin/0.8.5/mixin-0.8.5.jar%2363!/ Service=ModLauncher Env=SERVER
[18Nov2023 13:35:03.571] [main/DEBUG] [mixin/]: Initialising Mixin Platform Manager
[18Nov2023 13:35:03.572] [main/DEBUG] [mixin/]: Adding mixin platform agents for container ModLauncher Root Container(ModLauncher:4f56a0a2)
[18Nov2023 13:35:03.572] [main/DEBUG] [mixin/]: Instancing new MixinPlatformAgentMinecraftForge for ModLauncher Root Container(ModLauncher:4f56a0a2)
[18Nov2023 13:35:03.572] [main/DEBUG] [mixin/]: MixinPlatformAgentMinecraftForge rejected container ModLauncher Root Container(ModLauncher:4f56a0a2)
[18Nov2023 13:35:03.572] [main/DEBUG] [mixin/]: Instancing new MixinPlatformAgentDefault for ModLauncher Root Container(ModLauncher:4f56a0a2)
[18Nov2023 13:35:03.572] [main/DEBUG] [mixin/]: MixinPlatformAgentDefault accepted container ModLauncher Root Container(ModLauncher:4f56a0a2)
[18Nov2023 13:35:03.574] [main/DEBUG] [cpw.mods.modlauncher.TransformationServiceDecorator/MODLAUNCHER]: Initialized transformation service mixin
[18Nov2023 13:35:03.575] [main/DEBUG] [cpw.mods.modlauncher.TransformationServiceDecorator/MODLAUNCHER]: Initializing transformation service fml
[18Nov2023 13:35:03.575] [main/DEBUG] [net.minecraftforge.fml.loading.FMLServiceProvider/CORE]: Setting up basic FML game directories
[18Nov2023 13:35:03.576] [main/DEBUG] [net.minecraftforge.fml.loading.FileUtils/CORE]: Found existing GAMEDIR directory : C:\Users\lewis\Desktop\Project SkyQ 2 Server 1.1.2
[18Nov2023 13:35:03.576] [main/DEBUG] [net.minecraftforge.fml.loading.FMLPaths/CORE]: Path GAMEDIR is C:\Users\lewis\Desktop\Project SkyQ 2 Server 1.1.2
[18Nov2023 13:35:03.576] [main/DEBUG] [net.minecraftforge.fml.loading.FileUtils/CORE]: Making MODSDIR directory : C:\Users\lewis\Desktop\Project SkyQ 2 Server 1.1.2\mods
[18Nov2023 13:35:03.577] [main/DEBUG] [net.minecraftforge.fml.loading.FileUtils/CORE]: Created MODSDIR directory : C:\Users\lewis\Desktop\Project SkyQ 2 Server 1.1.2\mods
[18Nov2023 13:35:03.577] [main/DEBUG] [net.minecraftforge.fml.loading.FMLPaths/CORE]: Path MODSDIR is C:\Users\lewis\Desktop\Project SkyQ 2 Server 1.1.2\mods
[18Nov2023 13:35:03.577] [main/DEBUG] [net.minecraftforge.fml.loading.FileUtils/CORE]: Making CONFIGDIR directory : C:\Users\lewis\Desktop\Project SkyQ 2 Server 1.1.2\config
[18Nov2023 13:35:03.578] [main/DEBUG] [net.minecraftforge.fml.loading.FileUtils/CORE]: Created CONFIGDIR directory : C:\Users\lewis\Desktop\Project SkyQ 2 Server 1.1.2\config
[18Nov2023 13:35:03.578] [main/DEBUG] [net.minecraftforge.fml.loading.FMLPaths/CORE]: Path CONFIGDIR is C:\Users\lewis\Desktop\Project SkyQ 2 Server 1.1.2\config
[18Nov2023 13:35:03.578] [main/DEBUG] [net.minecraftforge.fml.loading.FMLPaths/CORE]: Path FMLCONFIG is C:\Users\lewis\Desktop\Project SkyQ 2 Server 1.1.2\config\fml.toml
[18Nov2023 13:35:03.578] [main/DEBUG] [net.minecraftforge.fml.loading.FMLServiceProvider/CORE]: Loading configuration
[18Nov2023 13:35:03.599] [main/WARN] [net.minecraftforge.fml.loading.FMLConfig/CORE]: Configuration file C:\Users\lewis\Desktop\Project SkyQ 2 Server 1.1.2\config\fml.toml is not correct. Correcting
[18Nov2023 13:35:03.603] [main/WARN] [net.minecraftforge.fml.loading.FMLConfig/CORE]: Incorrect key [defaultConfigPath] was corrected from null to defaultconfigs
[18Nov2023 13:35:03.606] [main/DEBUG] [net.minecraftforge.fml.loading.FileUtils/CORE]: Making default config directory directory : C:\Users\lewis\Desktop\Project SkyQ 2 Server 1.1.2\defaultconfigs
[18Nov2023 13:35:03.607] [main/DEBUG] [net.minecraftforge.fml.loading.FileUtils/CORE]: Created default config directory directory : C:\Users\lewis\Desktop\Project SkyQ 2 Server 1.1.2\defaultconfigs
[18Nov2023 13:35:03.607] [main/DEBUG] [net.minecraftforge.fml.loading.FMLServiceProvider/CORE]: Preparing ModFile
[18Nov2023 13:35:03.609] [main/DEBUG] [net.minecraftforge.fml.loading.FMLServiceProvider/CORE]: Preparing launch handler
[18Nov2023 13:35:03.609] [main/DEBUG] [net.minecraftforge.fml.loading.FMLLoader/CORE]: Using forgeserver as launch service
[18Nov2023 13:35:03.622] [main/DEBUG] [net.minecraftforge.fml.loading.FMLLoader/CORE]: Received command line version data  : VersionInfo[forgeVersion=43.3.0, mcVersion=1.19.2, mcpVersion=20220805.130853, forgeGroup=net.minecraftforge]
[18Nov2023 13:35:03.623] [main/DEBUG] [cpw.mods.modlauncher.TransformationServiceDecorator/MODLAUNCHER]: Initialized transformation service fml
[18Nov2023 13:35:03.623] [main/DEBUG] [cpw.mods.modlauncher.NameMappingServiceHandler/MODLAUNCHER]: Current naming domain is 'srg'
[18Nov2023 13:35:03.623] [main/DEBUG] [cpw.mods.modlauncher.NameMappingServiceHandler/MODLAUNCHER]: Identified name mapping providers {}
[18Nov2023 13:35:03.623] [main/DEBUG] [cpw.mods.modlauncher.TransformationServicesHandler/MODLAUNCHER]: Transformation services begin scanning
[18Nov2023 13:35:03.625] [main/DEBUG] [cpw.mods.modlauncher.TransformationServiceDecorator/MODLAUNCHER]: Beginning scan trigger - transformation service mixin
[18Nov2023 13:35:03.625] [main/DEBUG] [cpw.mods.modlauncher.TransformationServiceDecorator/MODLAUNCHER]: End scan trigger - transformation service mixin
[18Nov2023 13:35:03.625] [main/DEBUG] [cpw.mods.modlauncher.TransformationServiceDecorator/MODLAUNCHER]: Beginning scan trigger - transformation service fml
[18Nov2023 13:35:03.625] [main/DEBUG] [net.minecraftforge.fml.loading.FMLServiceProvider/CORE]: Initiating mod scan
[18Nov2023 13:35:03.633] [main/DEBUG] [net.minecraftforge.fml.loading.moddiscovery.ModListHandler/CORE]: Found mod coordinates from lists: []
[18Nov2023 13:35:03.638] [main/DEBUG] [net.minecraftforge.fml.loading.moddiscovery.ModDiscoverer/CORE]: Found Mod Locators : (mods folder:null),(maven libs:null),(exploded directory:null),(minecraft:null),(userdev classpath:null)
[18Nov2023 13:35:03.639] [main/DEBUG] [net.minecraftforge.fml.loading.moddiscovery.ModDiscoverer/CORE]: Found Dependency Locators : (JarInJar:null)
[18Nov2023 13:35:03.751] [main/DEBUG] [net.minecraftforge.fml.loading.moddiscovery.ModFileInfo/LOADING]: Found valid mod file server-1.19.2-20220805.130853-srg.jar with {minecraft} mods - versions {1.19.2}
[18Nov2023 13:35:03.755] [main/DEBUG] [net.minecraftforge.fml.loading.moddiscovery.ModFileParser/LOADING]: Considering mod file candidate C:\Users\lewis\Desktop\Project SkyQ 2 Server 1.1.2\libraries\net\minecraftforge\fmlcore\1.19.2-43.3.0\fmlcore-1.19.2-43.3.0.jar
[18Nov2023 13:35:03.755] [main/WARN] [net.minecraftforge.fml.loading.moddiscovery.ModFileParser/LOADING]: Mod file C:\Users\lewis\Desktop\Project SkyQ 2 Server 1.1.2\libraries\net\minecraftforge\fmlcore\1.19.2-43.3.0\fmlcore-1.19.2-43.3.0.jar is missing mods.toml file
[18Nov2023 13:35:03.760] [main/DEBUG] [net.minecraftforge.fml.loading.moddiscovery.ModFileParser/LOADING]: Considering mod file candidate C:\Users\lewis\Desktop\Project SkyQ 2 Server 1.1.2\libraries\net\minecraftforge\javafmllanguage\1.19.2-43.3.0\javafmllanguage-1.19.2-43.3.0.jar
[18Nov2023 13:35:03.760] [main/WARN] [net.minecraftforge.fml.loading.moddiscovery.ModFileParser/LOADING]: Mod file C:\Users\lewis\Desktop\Project SkyQ 2 Server 1.1.2\libraries\net\minecraftforge\javafmllanguage\1.19.2-43.3.0\javafmllanguage-1.19.2-43.3.0.jar is missing mods.toml file
[18Nov2023 13:35:03.763] [main/DEBUG] [net.minecraftforge.fml.loading.moddiscovery.ModFileParser/LOADING]: Considering mod file candidate C:\Users\lewis\Desktop\Project SkyQ 2 Server 1.1.2\libraries\net\minecraftforge\lowcodelanguage\1.19.2-43.3.0\lowcodelanguage-1.19.2-43.3.0.jar
[18Nov2023 13:35:03.763] [main/WARN] [net.minecraftforge.fml.loading.moddiscovery.ModFileParser/LOADING]: Mod file C:\Users\lewis\Desktop\Project SkyQ 2 Server 1.1.2\libraries\net\minecraftforge\lowcodelanguage\1.19.2-43.3.0\lowcodelanguage-1.19.2-43.3.0.jar is missing mods.toml file
[18Nov2023 13:35:03.767] [main/DEBUG] [net.minecraftforge.fml.loading.moddiscovery.ModFileParser/LOADING]: Considering mod file candidate C:\Users\lewis\Desktop\Project SkyQ 2 Server 1.1.2\libraries\net\minecraftforge\mclanguage\1.19.2-43.3.0\mclanguage-1.19.2-43.3.0.jar
[18Nov2023 13:35:03.767] [main/WARN] [net.minecraftforge.fml.loading.moddiscovery.ModFileParser/LOADING]: Mod file C:\Users\lewis\Desktop\Project SkyQ 2 Server 1.1.2\libraries\net\minecraftforge\mclanguage\1.19.2-43.3.0\mclanguage-1.19.2-43.3.0.jar is missing mods.toml file
[18Nov2023 13:35:03.796] [main/DEBUG] [net.minecraftforge.fml.loading.moddiscovery.ModFileParser/LOADING]: Considering mod file candidate C:\Users\lewis\Desktop\Project SkyQ 2 Server 1.1.2\libraries\net\minecraftforge\forge\1.19.2-43.3.0\forge-1.19.2-43.3.0-universal.jar
[18Nov2023 13:35:03.803] [main/DEBUG] [net.minecraftforge.fml.loading.moddiscovery.ModFileInfo/LOADING]: Found valid mod file forge-1.19.2-43.3.0-universal.jar with {forge} mods - versions {43.3.0}
[18Nov2023 13:35:03.821] [main/DEBUG] [net.minecraftforge.fml.loading.moddiscovery.AbstractJarFileDependencyLocator/]: Failed to load resource META-INF\jarjar\metadata.json from server-1.19.2-20220805.130853-srg.jar, it does not contain dependency information.
[18Nov2023 13:35:03.821] [main/DEBUG] [net.minecraftforge.fml.loading.moddiscovery.AbstractJarFileDependencyLocator/]: Failed to load resource META-INF\jarjar\metadata.json from forge-1.19.2-43.3.0-universal.jar, it does not contain dependency information.
[18Nov2023 13:35:03.821] [main/DEBUG] [net.minecraftforge.fml.loading.moddiscovery.AbstractJarFileDependencyLocator/]: Failed to load resource META-INF\jarjar\metadata.json from mclanguage-1.19.2-43.3.0.jar, it does not contain dependency information.
[18Nov2023 13:35:03.821] [main/DEBUG] [net.minecraftforge.fml.loading.moddiscovery.AbstractJarFileDependencyLocator/]: Failed to load resource META-INF\jarjar\metadata.json from javafmllanguage-1.19.2-43.3.0.jar, it does not contain dependency information.
[18Nov2023 13:35:03.821] [main/DEBUG] [net.minecraftforge.fml.loading.moddiscovery.AbstractJarFileDependencyLocator/]: Failed to load resource META-INF\jarjar\metadata.json from fmlcore-1.19.2-43.3.0.jar, it does not contain dependency information.
[18Nov2023 13:35:03.821] [main/DEBUG] [net.minecraftforge.fml.loading.moddiscovery.AbstractJarFileDependencyLocator/]: Failed to load resource META-INF\jarjar\metadata.json from lowcodelanguage-1.19.2-43.3.0.jar, it does not contain dependency information.
[18Nov2023 13:35:03.857] [main/INFO] [net.minecraftforge.fml.loading.moddiscovery.JarInJarDependencyLocator/]: No dependencies to load found. Skipping!
[18Nov2023 13:35:03.859] [main/DEBUG] [net.minecraftforge.fml.loading.moddiscovery.ModFileInfo/LOADING]: Found valid mod file server-1.19.2-20220805.130853-srg.jar with {minecraft} mods - versions {1.19.2}
[18Nov2023 13:35:03.861] [main/DEBUG] [net.minecraftforge.fml.loading.moddiscovery.ModFile/LOADING]: Loading mod file C:\Users\lewis\Desktop\Project SkyQ 2 Server 1.1.2\libraries\net\minecraft\server\1.19.2-20220805.130853\server-1.19.2-20220805.130853-srg.jar with languages [LanguageSpec[languageName=minecraft, acceptedVersions=1]]
[18Nov2023 13:35:03.863] [main/DEBUG] [net.minecraftforge.fml.loading.moddiscovery.ModFileParser/LOADING]: Considering mod file candidate C:\Users\lewis\Desktop\Project SkyQ 2 Server 1.1.2\libraries\net\minecraftforge\forge\1.19.2-43.3.0\forge-1.19.2-43.3.0-universal.jar
[18Nov2023 13:35:03.864] [main/DEBUG] [net.minecraftforge.fml.loading.moddiscovery.ModFileInfo/LOADING]: Found valid mod file forge-1.19.2-43.3.0-universal.jar with {forge} mods - versions {43.3.0}
[18Nov2023 13:35:03.864] [main/DEBUG] [net.minecraftforge.fml.loading.moddiscovery.ModFile/LOADING]: Loading mod file C:\Users\lewis\Desktop\Project SkyQ 2 Server 1.1.2\libraries\net\minecraftforge\forge\1.19.2-43.3.0\forge-1.19.2-43.3.0-universal.jar with languages [LanguageSpec[languageName=javafml, acceptedVersions=[24,]]]
[18Nov2023 13:35:03.886] [main/DEBUG] [net.minecraftforge.fml.loading.moddiscovery.ModFileParser/LOADING]: Found coremod field_to_method with Javascript path coremods/field_to_method.js
[18Nov2023 13:35:03.887] [main/DEBUG] [net.minecraftforge.fml.loading.moddiscovery.ModFileParser/LOADING]: Found coremod field_to_instanceof with Javascript path coremods/field_to_instanceof.js
[18Nov2023 13:35:03.887] [main/DEBUG] [net.minecraftforge.fml.loading.moddiscovery.ModFileParser/LOADING]: Found coremod add_bouncer_method with Javascript path coremods/add_bouncer_method.js
[18Nov2023 13:35:03.887] [main/DEBUG] [net.minecraftforge.fml.loading.moddiscovery.ModFile/LOADING]: Found coremod coremods/field_to_method.js
[18Nov2023 13:35:03.887] [main/DEBUG] [net.minecraftforge.fml.loading.moddiscovery.ModFile/LOADING]: Found coremod coremods/field_to_instanceof.js
[18Nov2023 13:35:03.887] [main/DEBUG] [net.minecraftforge.fml.loading.moddiscovery.ModFile/LOADING]: Found coremod coremods/add_bouncer_method.js
[18Nov2023 13:35:03.887] [main/DEBUG] [cpw.mods.modlauncher.TransformationServiceDecorator/MODLAUNCHER]: End scan trigger - transformation service fml
[18Nov2023 13:35:03.896] [main/DEBUG] [net.minecraftforge.fml.loading.LanguageLoadingProvider/CORE]: Found 3 language providers
[18Nov2023 13:35:03.897] [main/DEBUG] [net.minecraftforge.fml.loading.LanguageLoadingProvider/CORE]: Found language provider minecraft, version 1.0
[18Nov2023 13:35:03.898] [main/DEBUG] [net.minecraftforge.fml.loading.LanguageLoadingProvider/CORE]: Found language provider lowcodefml, version 43
[18Nov2023 13:35:03.898] [main/DEBUG] [net.minecraftforge.fml.loading.LanguageLoadingProvider/CORE]: Found language provider javafml, version 43
[18Nov2023 13:35:03.903] [main/DEBUG] [net.minecraftforge.fml.loading.ModSorter/]: Configured system mods: [minecraft, forge]
[18Nov2023 13:35:03.903] [main/DEBUG] [net.minecraftforge.fml.loading.ModSorter/]: Found system mod: minecraft
[18Nov2023 13:35:03.903] [main/DEBUG] [net.minecraftforge.fml.loading.ModSorter/]: Found system mod: forge
[18Nov2023 13:35:03.905] [main/DEBUG] [net.minecraftforge.fml.loading.ModSorter/LOADING]: Found 0 mod requirements (0 mandatory, 0 optional)
[18Nov2023 13:35:03.905] [main/DEBUG] [net.minecraftforge.fml.loading.ModSorter/LOADING]: Found 0 mod requirements missing (0 mandatory, 0 optional)
[18Nov2023 13:35:04.208] [main/DEBUG] [cpw.mods.modlauncher.TransformationServicesHandler/MODLAUNCHER]: Transformation services loading transformers
[18Nov2023 13:35:04.209] [main/DEBUG] [cpw.mods.modlauncher.TransformationServiceDecorator/MODLAUNCHER]: Initializing transformers for transformation service mixin
[18Nov2023 13:35:04.209] [main/DEBUG] [cpw.mods.modlauncher.TransformationServiceDecorator/MODLAUNCHER]: Initialized transformers for transformation service mixin
[18Nov2023 13:35:04.209] [main/DEBUG] [cpw.mods.modlauncher.TransformationServiceDecorator/MODLAUNCHER]: Initializing transformers for transformation service fml
[18Nov2023 13:35:04.209] [main/DEBUG] [net.minecraftforge.fml.loading.FMLServiceProvider/CORE]: Loading coremod transformers
[18Nov2023 13:35:04.209] [main/DEBUG] [net.minecraftforge.coremod.CoreModEngine/COREMOD]: Loading CoreMod from coremods/field_to_method.js
[18Nov2023 13:35:04.377] [main/DEBUG] [net.minecraftforge.coremod.CoreModEngine/COREMOD]: CoreMod loaded successfully
[18Nov2023 13:35:04.377] [main/DEBUG] [net.minecraftforge.coremod.CoreModEngine/COREMOD]: Loading CoreMod from coremods/field_to_instanceof.js
[18Nov2023 13:35:04.429] [main/DEBUG] [net.minecraftforge.coremod.CoreModEngine/COREMOD]: CoreMod loaded successfully
[18Nov2023 13:35:04.429] [main/DEBUG] [net.minecraftforge.coremod.CoreModEngine/COREMOD]: Loading CoreMod from coremods/add_bouncer_method.js
[18Nov2023 13:35:04.462] [main/DEBUG] [net.minecraftforge.coremod.CoreModEngine/COREMOD]: CoreMod loaded successfully
[18Nov2023 13:35:04.469] [main/DEBUG] [cpw.mods.modlauncher.TransformStore/MODLAUNCHER]: Adding transformer net.minecraftforge.coremod.transformer.CoreModClassTransformer@10c07b8d to Target : CLASS {Lnet/minecraft/world/level/biome/Biome;} {} {V}
[18Nov2023 13:35:04.471] [main/DEBUG] [cpw.mods.modlauncher.TransformStore/MODLAUNCHER]: Adding transformer net.minecraftforge.coremod.transformer.CoreModClassTransformer@1894e40d to Target : CLASS {Lnet/minecraft/world/level/levelgen/structure/Structure;} {} {V}
[18Nov2023 13:35:04.471] [main/DEBUG] [cpw.mods.modlauncher.TransformStore/MODLAUNCHER]: Adding transformer net.minecraftforge.coremod.transformer.CoreModClassTransformer@21c815e4 to Target : CLASS {Lnet/minecraft/world/effect/MobEffectInstance;} {} {V}
[18Nov2023 13:35:04.471] [main/DEBUG] [cpw.mods.modlauncher.TransformStore/MODLAUNCHER]: Adding transformer net.minecraftforge.coremod.transformer.CoreModClassTransformer@7342e05d to Target : CLASS {Lnet/minecraft/world/level/block/LiquidBlock;} {} {V}
[18Nov2023 13:35:04.471] [main/DEBUG] [cpw.mods.modlauncher.TransformStore/MODLAUNCHER]: Adding transformer net.minecraftforge.coremod.transformer.CoreModClassTransformer@2a331b46 to Target : CLASS {Lnet/minecraft/world/item/BucketItem;} {} {V}
[18Nov2023 13:35:04.473] [main/DEBUG] [cpw.mods.modlauncher.TransformStore/MODLAUNCHER]: Adding transformer net.minecraftforge.coremod.transformer.CoreModClassTransformer@15383681 to Target : CLASS {Lnet/minecraft/world/level/block/StairBlock;} {} {V}
[18Nov2023 13:35:04.473] [main/DEBUG] [cpw.mods.modlauncher.TransformStore/MODLAUNCHER]: Adding transformer net.minecraftforge.coremod.transformer.CoreModClassTransformer@743e66f7 to Target : CLASS {Lnet/minecraft/world/level/block/FlowerPotBlock;} {} {V}
[18Nov2023 13:35:04.473] [main/DEBUG] [cpw.mods.modlauncher.TransformStore/MODLAUNCHER]: Adding transformer net.minecraftforge.coremod.transformer.CoreModClassTransformer@109a2025 to Target : CLASS {Lnet/minecraft/world/item/ItemStack;} {} {V}
[18Nov2023 13:35:04.473] [main/DEBUG] [cpw.mods.modlauncher.TransformStore/MODLAUNCHER]: Adding transformer net.minecraftforge.coremod.transformer.CoreModClassTransformer@2241f05b to Target : CLASS {Lnet/minecraft/network/play/client/CClientSettingsPacket;} {} {V}
[18Nov2023 13:35:04.473] [main/DEBUG] [cpw.mods.modlauncher.TransformationServiceDecorator/MODLAUNCHER]: Initialized transformers for transformation service fml
[18Nov2023 13:35:04.651] [main/DEBUG] [mixin/]: Processing prepare() for PlatformAgent[MixinPlatformAgentDefault:ModLauncher Root Container(ModLauncher:4f56a0a2)]
[18Nov2023 13:35:04.651] [main/DEBUG] [mixin/]: Processing launch tasks for PlatformAgent[MixinPlatformAgentDefault:ModLauncher Root Container(ModLauncher:4f56a0a2)]
[18Nov2023 13:35:04.651] [main/DEBUG] [mixin/]: Adding mixin platform agents for container SecureJarResource(minecraft)
[18Nov2023 13:35:04.652] [main/DEBUG] [mixin/]: Instancing new MixinPlatformAgentMinecraftForge for SecureJarResource(minecraft)
[18Nov2023 13:35:04.652] [main/DEBUG] [mixin/]: MixinPlatformAgentMinecraftForge rejected container SecureJarResource(minecraft)
[18Nov2023 13:35:04.652] [main/DEBUG] [mixin/]: Instancing new MixinPlatformAgentDefault for SecureJarResource(minecraft)
[18Nov2023 13:35:04.652] [main/DEBUG] [mixin/]: MixinPlatformAgentDefault accepted container SecureJarResource(minecraft)
[18Nov2023 13:35:04.652] [main/DEBUG] [mixin/]: Processing prepare() for PlatformAgent[MixinPlatformAgentDefault:SecureJarResource(minecraft)]
[18Nov2023 13:35:04.652] [main/DEBUG] [mixin/]: Adding mixin platform agents for container SecureJarResource(forge)
[18Nov2023 13:35:04.652] [main/DEBUG] [mixin/]: Instancing new MixinPlatformAgentMinecraftForge for SecureJarResource(forge)
[18Nov2023 13:35:04.652] [main/DEBUG] [mixin/]: MixinPlatformAgentMinecraftForge rejected container SecureJarResource(forge)
[18Nov2023 13:35:04.652] [main/DEBUG] [mixin/]: Instancing new MixinPlatformAgentDefault for SecureJarResource(forge)
[18Nov2023 13:35:04.652] [main/DEBUG] [mixin/]: MixinPlatformAgentDefault accepted container SecureJarResource(forge)
[18Nov2023 13:35:04.652] [main/DEBUG] [mixin/]: Processing prepare() for PlatformAgent[MixinPlatformAgentDefault:SecureJarResource(forge)]
[18Nov2023 13:35:04.652] [main/DEBUG] [mixin/]: inject() running with 3 agents
[18Nov2023 13:35:04.652] [main/DEBUG] [mixin/]: Processing inject() for PlatformAgent[MixinPlatformAgentDefault:ModLauncher Root Container(ModLauncher:4f56a0a2)]
[18Nov2023 13:35:04.652] [main/DEBUG] [mixin/]: Processing inject() for PlatformAgent[MixinPlatformAgentDefault:SecureJarResource(minecraft)]
[18Nov2023 13:35:04.652] [main/DEBUG] [mixin/]: Processing inject() for PlatformAgent[MixinPlatformAgentDefault:SecureJarResource(forge)]
[18Nov2023 13:35:04.653] [main/INFO] [cpw.mods.modlauncher.LaunchServiceHandler/MODLAUNCHER]: Launching target 'forgeserver' with arguments []
[18Nov2023 13:35:04.714] [main/DEBUG] [mixin/]: Error cleaning class output directory: .mixin.out
[18Nov2023 13:35:04.715] [main/DEBUG] [mixin/]: Preparing mixins for MixinEnvironment[DEFAULT]
[18Nov2023 13:35:04.761] [main/DEBUG] [io.netty.util.internal.logging.InternalLoggerFactory/]: Using SLF4J as the default logging framework
[18Nov2023 13:35:04.763] [main/DEBUG] [io.netty.util.ResourceLeakDetector/]: -Dio.netty.leakDetection.level: simple
[18Nov2023 13:35:04.763] [main/DEBUG] [io.netty.util.ResourceLeakDetector/]: -Dio.netty.leakDetection.targetRecords: 4
[18Nov2023 13:35:04.869] [main/WARN] [net.minecraft.server.Eula/]: Failed to load eula.txt
[18Nov2023 13:35:04.879] [main/INFO] [net.minecraft.server.Main/]: You need to agree to the EULA in order to run the server. Go to eula.txt for more info.
