23:55 ShadyCatt  : anyone have gold
23:56 RWKgaming  : not currently
23:56 ShadyCatt  : give
23:56 ShadyCatt  : to me
23:56 RWKgaming  : fortune 3
23:56 RWKgaming  : mining level 12
23:56 RWKgaming  : mines diamond
23:56 RWKgaming  : 1 diamond...
23:57 beastyos   : I have been hurt and need to take this to court
23:58 ShadyCatt  : what
23:58 ShadyCatt  : what is your problem
23:58 beastyos   : I have been hurt and need to take this to court
23:58 SafetyDoggo: yooo netherite penis
23:59 ShadyCatt  : the hardest material
23:59 beastyos   : socks
00:00 beastyos   : this is my attacker your honour
00:00 beastyos   : he murdered me
00:00 beastyos   : you can see it in his edgy eyes
00:01 beastyos   : stole this generic skin from some website
00:01 beastyos   : absolutly disgusting
00:01 beastyos   : this man disgusts me
00:01 beastyos   : YES SPIDER YES
00:01 beastyos   : KILL HIM
00:01 beastyos   : KILL KILL
00:01 beastyos   : UNBELIEVABLE
00:02 beastyos   : HE KILLED AN INNOCENT SPIDER
00:02 beastyos   : how many lives will he take
00:02 ShadyCatt  : blijf uit mijn kisten istg
00:02 SafetyDoggo: ma ik doe niks
00:03 beastyos   : stay out of this you monster
00:03 ShadyCatt  : i claimed birtje
00:03 beastyos   : I don't feel save anymore running around the streets at night
00:03 RWKgaming  : there is noone in these streets
00:03 RWKgaming  : tf you on about
00:03 SafetyDoggo: ik nether
00:03 beastyos   : just a fear he could be right around the cornor
00:04 beastyos   : he already went to hell, if that isn't proof idk what is
00:05 beastyos   : is there like an hotel for people who are just staying for a little while or idk lost all their stuff and need a place to stay for a tiny bit
00:05 ShadyCatt  : yea the inn?
00:05 beastyos   : good
00:06 beastyos   : I was right behind you btw that tp did nothing
00:06 beastyos   : EXUSE ME
00:06 beastyos   : a villigar walked into my room
00:06 beastyos   : that shouldn't be allowed
00:07 jwooonas   : you're not allowed
00:07 RWKgaming  : uw maam
00:07 beastyos   : damn
00:07 beastyos   : I'm roasted
00:07 ShadyCatt  : uw maam
00:07 ShadyCatt  : uw naan?
00:07 RWKgaming  : nee das van mij ni van u
00:07 jwooonas   : uw haan
00:07 jwooonas   : HAH
00:07 RWKgaming  : die heb k ni
00:08 jwooonas   : noep
00:08 ShadyCatt  : hij heeft geen cock
00:08 beastyos   : your cock
00:08 beastyos   : what kinda town is this
00:08 beastyos   : no court of law
00:08 jwooonas   : no cock
00:08 RWKgaming  : ik heb copious amounts of amethyst nodig
00:08 beastyos   : no ultra realistic depiction of a penis
00:08 jwooonas   : ik heb
00:09 ShadyCatt  : what do you need a tutorial
00:09 jwooonas   : ma ni vo u
00:10 beastyos   : I get that this town has roles but not a lot of laws, no book writen full with all the laws
00:10 beastyos   : I should get on that
00:10 beastyos   : that's my role in this town now I decided
00:10 RWKgaming  : no it isnt
00:10 RWKgaming  : you are an assistant
00:10 RWKgaming  : assist lisa
00:10 RWKgaming  : get books
00:11 beastyos   : an assastant can write down laws
00:11 RWKgaming  : no they cant
00:11 ShadyCatt  : assasstant?
00:11 RWKgaming  : they can propose laws
00:11 RWKgaming  : lisa shut
00:11 beastyos   : I can write the confirmed laws down
00:12 SafetyDoggo: as the miner of the town
00:12 SafetyDoggo: i will not follow our laws cuz i am in the nether
00:12 SafetyDoggo: where i so much belong
00:12 beastyos   : as the minor of this town
00:12 beastyos   : I do not care
00:12 RWKgaming  : as the me in this town
00:12 RWKgaming  : i dont either
00:12 SafetyDoggo: sorry bucko im also already the minor
00:12 SafetyDoggo: also a minor can't legally make laws
00:12 SafetyDoggo: therefor you cucked yourself
00:13 beastyos   : oh sorry forgot you're 2 14y olds under a trenchcoate
00:13 beastyos   : I don't make laws
00:13 SafetyDoggo: still older then you Cope
00:13 beastyos   : I just write them down and follow them
00:13 jwooonas   : wout gij weet da
00:13 jwooonas   : wa is max looting lv ook alweer
00:13 SafetyDoggo: 3
00:13 RWKgaming  : 3
00:13 jwooonas   : doggo foei
00:14 SafetyDoggo: superiority
00:14 jwooonas   : kheb wout gevraagd
00:14 SafetyDoggo: it comes at a cost
00:14 jwooonas   : minority*
00:14 SafetyDoggo: do i look like one of them?
00:14 RWKgaming  : yes
00:14 jwooonas   : you are a minor
00:14 beastyos   : proposed law, Haley hating is illegal punnished by death but with good laywers punnished by death stare
00:14 RWKgaming  : minors are minorities
00:14 SafetyDoggo: with how the youth is fucking i aint so sure
00:15 RWKgaming  : thats not how being a minority works
00:15 SafetyDoggo: it is now
00:15 beastyos   : YOU CAN'T JUST MAKE LAWS
00:15 SafetyDoggo: i am the nether man and i make the nether laws
00:15 RWKgaming  : i am satan i make the nether laws
00:16 beastyos   : I thought you were the minor man
00:16 SafetyDoggo: any and every entrance by beestjes will be punished by a fee of 1 netherite block
00:16 beastyos   : nappy time
00:16 ShadyCatt  : heeft iemand cobblestone
00:16 SafetyDoggo: for being satan i don't see you here loads
00:16 ShadyCatt  : of stone
00:16 SafetyDoggo: i see no god down here
00:16 SafetyDoggo: other then me
00:17 beastyos   : doggo I haven't heard that in several years
00:17 beastyos   : how old are you
00:17 SafetyDoggo: en tbij tbh hades cooler
00:17 ShadyCatt  : too old
00:17 SafetyDoggo: i can hear the screams of the damned
00:17 beastyos   : damn you're so cool and edgy
00:17 SafetyDoggo: no i am in a soulsand biome
00:18 SafetyDoggo: weirdo
00:18 beastyos   : why the big guy on the roof
00:18 ShadyCatt  : he no want to come down
00:18 beastyos   : he's not
00:18 beastyos   : that's not
00:18 RWKgaming  : thats his roof now
00:19 SafetyDoggo: his roof by law
00:19 RWKgaming  : no not by law by elemination
00:19 beastyos   : doggo you have no right to make laws
00:19 SafetyDoggo: shut up mini me\
00:20 beastyos   : you have a right to suggest them but we'll get back to in about 5 to 30 bussines days
00:20 RWKgaming  : business*
00:20 SafetyDoggo: 0-0
00:20 beastyos   : eepy
00:20 ShadyCatt  : /msg RWKgaming am not go sleep until you come back in call 
00:21 ShadyCatt  : wout: joins call and very angrily says "YOU NEED TO EEPY"
00:22 ShadyCatt  : if anyone has a lot of fish by tomorrow
00:22 ShadyCatt  : give me
00:22 jwooonas   : i hab
00:23 ShadyCatt  : ah
00:23 ShadyCatt  : nice
00:23 ShadyCatt  : ik wil
00:23 beastyos   : seems like a stardew quest
00:23 beastyos   : I need green beans
00:23 RWKgaming  : bean
00:23 ShadyCatt  : geef fish
00:23 beastyos   : don't ask me why
00:23 beastyos   : I just need green beans
00:23 ShadyCatt  : hoeveel wilje ervoor
00:23 beastyos   : yey
00:23 jwooonas   : 500
00:23 ShadyCatt  : k?
00:23 ShadyCatt  : voor alles
00:23 ShadyCatt  : also ur dying
00:23 jwooonas   : yes
00:23 ShadyCatt  : maybe dont
00:23 jwooonas   : no im not
00:24 jwooonas   : im leveling defence
00:24 jwooonas   : where ma monei
00:24 ShadyCatt  : ajb
00:24 jwooonas   : eum
00:25 jwooonas   : thx ig
00:25 ShadyCatt  : ja 500 is te weinig voor al da
00:25 jwooonas   : da heb ik op like 20min terug eh
00:25 ShadyCatt  : hebje fish farm?
00:25 jwooonas   : nee
00:25 jwooonas   : maxed out rod
00:25 jwooonas   : en auto fisher
00:26 beastyos   : kinda hungy ngl
00:26 jwooonas   : then EAT
00:26 beastyos   : don't have food
00:26 jwooonas   : then EAT URSELF
00:26 beastyos   : good idea
00:26 jwooonas   : its that easy
00:28 beastyos   : I'm on half a heart cuz I'm dying from starvation
01:12 SafetyDoggo: holy moly
01:12 SafetyDoggo: en jonas
01:12 SafetyDoggo: op dit uur
01:30 jwooonas   : ah gij hier
01:30 jwooonas   : sry was bezig me wither
01:30 jwooonas   : had ni gezien
01:30 SafetyDoggo: ik bezig met netherite blcks
01:31 jwooonas   : u mama
01:31 SafetyDoggo: ik heb mijn 2de block nu noep
01:31 jwooonas   : kheb er 5 xd
01:31 SafetyDoggo: jhaa me gat
01:31 SafetyDoggo: jij 2 netherite blocks
01:32 SafetyDoggo: allez
01:32 SafetyDoggo: block of netherite
01:32 jwooonas   : kheb er 9999 bedoel ik
01:32 jwooonas   : kleine miscalculatie
01:33 SafetyDoggo: L eugenaar
01:33 jwooonas   : ik lieg nooit
01:33 jwooonas   : noep
01:33 SafetyDoggo: welles
01:33 jwooonas   : nietes
01:33 jwooonas   : u mama
01:33 SafetyDoggo: fair
01:33 jwooonas   : vala
01:33 SafetyDoggo: jij 1 juli ook kom toch
01:33 jwooonas   : nee nooit
01:34 SafetyDoggo: ah gellukig
01:34 SafetyDoggo: ik had al schrik\
01:34 jwooonas   : kwil u gezicht ni zien
01:34 jwooonas   : dus ik kom ni
01:34 SafetyDoggo: phew
01:34 jwooonas   : sike
01:35 SafetyDoggo: verdoem ik weet nie wel vleesje ik zou moetn brenge
01:35 jwooonas   : kom es call kdenk ni jij begrijp
01:35 SafetyDoggo: niem call NOEP
02:34 SafetyDoggo:  placed a sign @ Towny: x82, z-267
  to who s0
02:34 SafetyDoggo:  placed a sign @ Towny: x82, z-267
  to who so ever
  finds this
  compound
  feel free 2 loot
02:35 SafetyDoggo:  placed a sign @ Towny: x82, z-267
  i hope this loot
  find you well
  and helps you
  on your
02:35 SafetyDoggo:  placed a sign @ Towny: x82, z-267
  Adventure
  Much love
  Signed
  Doggo
05:22 SafetyDoggo: swift sneak moet op leggings
05:22 jwooonas   : ah
07:01 SafetyDoggo:  placed a sign @ Towny: x270, z-943
  e
07:02 SafetyDoggo:  placed a sign @ Towny: x269, z-943
  Doggo's
  House
07:07 jwooonas   : >stats
08:04 mijn35     : de boiis hebben precies niet veel slaap nodig
08:04 SafetyDoggo: nee
08:05 jwooonas   : what is this... thing you call sleep?
08:19 mijn35     :  placed a sign @ Towny: x-772, z-916
  fishing
08:19 mijn35     :  placed a sign @ Towny: x-770, z-916
  animals
08:19 mijn35     :  placed a sign @ Towny: x-768, z-916
  plants
08:20 mijn35     :  placed a sign @ Towny: x-772, z-914
  stone blocks
08:20 mijn35     :  placed a sign @ Towny: x-770, z-914
  wood blocks
08:20 mijn35     :  placed a sign @ Towny: x-768, z-914
  blocks
08:20 mijn35     :  placed a sign @ Towny: x-772, z-911
  valuable
08:20 mijn35     :  placed a sign @ Towny: x-770, z-911
  nether
08:20 mijn35     :  placed a sign @ Towny: x-768, z-911
  mob drops
08:21 mijn35     :  placed a sign @ Towny: x-772, z-909
  miscalaneous
08:26 mijn35     :  placed a sign @ Towny: x-770, z-909
  equipment
08:49 mijn35     : rip
08:50 jwooonas   : nah
08:50 jwooonas   : xd
08:51 jwooonas   : en vala
08:51 jwooonas   : doed
08:54 SafetyDoggo: eepy
09:06 SafetyDoggo: eepy
09:18 SafetyDoggo: eepy
09:30 SafetyDoggo: EEPY
09:30 jwooonas   : wb
09:30 WickedGrinn: Sup
09:31 jwooonas   : sup
09:38 WickedGrinn placed suspicious WATER_BUCKET @ Towny: x11343, z10443
09:38 WickedGrinn placed suspicious WATER_BUCKET @ Towny: x11343, z10443
09:41 Xgamerr12  : zzzz
09:41 jwooonas   : mimir*
09:41 jwooonas   : no mimir pls
09:41 jwooonas   : we need a mob
09:52 Xgamerr12  :  placed a sign @ Towny: x-922, z-992
  I am
  Gone 
  Bye
10:09 Xgamerr12  : zzz
10:09 jwooonas   : >_>
10:09 jwooonas   : oop
10:09 jwooonas   : noep*
10:12 mijn35     :  placed a sign @ Towny: x-776, z-964
  BCCI
10:18 jwooonas   : was random aant rondlope xd
10:23 jwooonas   : look
10:23 mijn35     : damn
10:23 jwooonas   : het mij 3 uur geduurd vo de skulls XD
10:23 mijn35     : jesus
10:29 jwooonas   : mimir
10:31 SafetyDoggo placed suspicious WATER_BUCKET @ Towny: x337, z-899
10:37 jwooonas   : doggo
10:37 jwooonas   : u gib iron plez?
10:37 SafetyDoggo: alle dan
10:38 jwooonas   : thx
10:39 SafetyDoggo: vindj die koeien nie en KLEIN beetje veel worden
10:39 jwooonas   : ge had de nether moete zien gast
10:39 jwooonas   : hem net gecleared
10:40 jwooonas   : ma was een en al koe
10:41 SafetyDoggo: jij vraagt hoeveel
10:41 jwooonas   : voor?
10:41 jwooonas   : das mijn enige
10:41 SafetyDoggo: lap
10:41 jwooonas   : onbetaalbaar
10:41 SafetyDoggo: wout is being greedy en wilt niks gunnen
10:42 jwooonas   : you ar being lazy en wilt nix hale
10:44 SafetyDoggo: wie woon hier
10:44 jwooonas   : martijn
10:44 jwooonas   : kom
10:44 Xgamerr12  : zzzzz
10:44 jwooonas   : waar doggo
10:44 SafetyDoggo: gaan lopen
10:44 jwooonas   : jama
10:44 jwooonas   : kwil late zien
10:45 SafetyDoggo: eepy
10:45 jwooonas   : nee
10:45 jwooonas   : fu nu
10:45 SafetyDoggo: tgraag
10:45 jwooonas   : allee dan
10:45 SafetyDoggo: mimir
10:47 SafetyDoggo: mijn wiet plantage gaat hier goed
10:50 jwooonas   : ikke late zien kom
10:51 jwooonas   : verkeerd oeps xd
10:51 SafetyDoggo: amai
10:52 jwooonas   : it was somewhere here
10:52 jwooonas   : ah hier
10:53 jwooonas   : kunde home zette asde wil
10:53 SafetyDoggo: fair
10:53 SafetyDoggo: waar zijde nu
10:59 jwooonas   : ah oeps
10:59 jwooonas   : kzen thuis xd
11:10 mijn35     : sleep
11:10 mijn35     : en Grinn, hoe kom jij aan zoveel geld ?
11:11 jwooonas   : altar toen da nog werkte
11:11 mijn35     : yikes, heeft grinn dat ook misbruikt
11:11 jwooonas   : i mean
11:11 jwooonas   : it was there to use
11:12 SafetyDoggo: if it is there for taking why not use it
11:12 mijn35     : omdat het daar duidelijk niet voor bedoeld is
11:12 SafetyDoggo: snie ons fout
11:13 jwooonas   : kgaan ff winkel kzen sebiet terug
11:27 SafetyDoggo: weet of heeft iem home op end portal?
11:59 SafetyDoggo: jonas
11:59 jwooonas   : ja
11:59 SafetyDoggo: jij weet waar zijn end portaal
11:59 jwooonas   : nee
12:00 jwooonas   : heb daar geen home
12:01 jwooonas   : ben nr wout getp'ed en ben dan direct in portal gespronge
12:03 jwooonas   : waar martijn?
12:11 SafetyDoggo: OKE IK TERUG
12:11 SafetyDoggo: hebj end portal
12:16 SafetyDoggo: ik neem da als en nee
12:16 jwooonas   : ik heb al nee gezegd
12:16 SafetyDoggo: ik dced was
12:16 jwooonas   : gij let gwn ni op
12:17 jwooonas   : mimir
12:17 SafetyDoggo: gij jha
12:17 jwooonas   : NEIN
12:21 WickedGrinn placed suspicious WATER_BUCKET @ Towny: x11348, z10446
12:26 jwooonas   : xd
12:43 SafetyDoggo: portaal
12:43 jwooonas   : sec
12:44 jwooonas   : follow me
12:44 jwooonas   : is trapdoor
12:44 jwooonas   : geen pearl nodig
12:44 jwooonas   : wb
12:55 jwooonas   : zeg doggo
12:55 jwooonas   : is fow me?
12:55 SafetyDoggo: wa
12:55 jwooonas   : bounty xd
12:55 SafetyDoggo: mijn money
12:56 jwooonas   : ma gij het da ni eh en ik pak da ook ni van u af as ge dood zijt eh
12:56 jwooonas   : ik krijg gwn random 500
12:56 jwooonas   : hoe het gij beestjes gistere vermoord eig
12:56 SafetyDoggo: pure skill
12:57 jwooonas   : nee ma serieus
12:57 SafetyDoggo: gwn ik kon da ineens
13:01 jwooonas   : wb
13:01 ShadyCatt  : ello
13:01 Noomine    : hi:)
13:01 ShadyCatt  : hey!
13:01 jwooonas   : heb net draakje nog es gekilled
13:01 ShadyCatt  : no i should not be studying
13:01 ShadyCatt  : ah nice
13:02 jwooonas   : ik draakje pesten
13:02 ShadyCatt  : ocharm
13:02 jwooonas   : >:)
13:02 ShadyCatt  : idk if you all saw it but rwk is moving the server to a better host (but everything you do now will still be saved!)
13:03 ShadyCatt  : he'll probably finish in about 3 hours
13:03 ShadyCatt  : so then dont forget to change the ip :)
13:04 ShadyCatt  : ello
13:04 SafetyDoggo: ah nee eh
13:04 ShadyCatt  : :(
13:04 jwooonas   : 10497 1120
13:04 WickedGrinn: Zeg Lisa, kunt gij wa vaker online zijn? >_>
13:04 jwooonas   : ff vo mezelf
13:04 ShadyCatt  : hzo
13:05 ShadyCatt  : alsin roast over hoe ik zo veel online ben?
13:05 WickedGrinn: Ja zie Doggo
13:05 ShadyCatt  : ah
13:05 ShadyCatt  : lmao
13:05 WickedGrinn: xD
13:05 ShadyCatt  : ja ik ben geen echte napper
13:05 ShadyCatt  : i know, disgrace
13:05 ShadyCatt  : ik speel geen 11 uur aan een stuk :((
13:05 jwooonas   : ik maar 24 uur
13:05 ShadyCatt  : those are rookie number
13:05 ShadyCatt  : s
13:06 SafetyDoggo: wa en kak
13:06 jwooonas   : weg
13:06 ShadyCatt  : damn doggo u huis is echt nice
13:06 jwooonas   : kst
13:06 SafetyDoggo: 2 min omda ik ff fucking funny wou doen
13:06 ShadyCatt  : lmao
13:07 SafetyDoggo: Ik heb ook de sugar cane superior gemaakt
13:07 SafetyDoggo: ik ga nu
13:07 ShadyCatt  : echt nice
13:10 jwooonas   : doggo khem altij lgg as gij online zijt
13:10 jwooonas   : en mijn rockets zijn erdoor aant doorvliege
13:10 ShadyCatt  : dw lag wordt binnenkort opgelost me de migration
13:11 jwooonas   : dc'ed mid air
13:11 jwooonas   : grear
13:11 jwooonas   : great
13:11 jwooonas   : dc'ed mid air
13:11 ShadyCatt  : yikes
13:11 ShadyCatt  : me migration zal da opgelost zijn hopelijk haha
13:18 ShadyCatt  : okay second try
13:18 jwooonas   : sigh
13:18 ShadyCatt  : we are now officially a village
13:18 ShadyCatt  : = third tier of town
13:18 WickedGrinn: Ik ben nog ham
13:19 ShadyCatt  : das fine
13:19 jwooonas   : ik zit op x 2900, suddenly terug ge tp'ed nr 3600
13:19 ShadyCatt  : moet daarvoor ook veel power hebben
13:19 ShadyCatt  : idk waar al die power opeens vandaan kwam
13:19 jwooonas   : 2600*
13:19 jwooonas   : ge generate power every day lisa
13:19 ShadyCatt  : ahh
13:19 ShadyCatt  : dan bouwt da op ofzào
13:19 ShadyCatt  : kdacht da da gwn algemeen power level was
13:19 jwooonas   : ja door buildings
13:19 ShadyCatt  : ah
13:20 jwooonas   : en sommige geve u ook extra power cap
13:20 ShadyCatt  : ja drm wou ik library maken
13:20 ShadyCatt  : ma kwist ni da da verhoogde door te wachten
13:21 ShadyCatt  : damn wa een lag
13:21 jwooonas   : ja
13:21 jwooonas   : doggo is in end aant vliege en ik ben naar x 10000 aant vliege vo ocean monument
13:22 ShadyCatt  : ah ma doe rustig me chunks laden ajb
13:22 ShadyCatt  : plies
13:22 ShadyCatt  : over enkele uren gaan we migraten en dan mag je doen wa je wil
13:22 ShadyCatt  : ma nu kan k ni eens mn boekje open doen :(
13:23 jwooonas   : jama ik wil eindelijk starte me dome zodak kan starte aan town eindelijk doggo is gwn aant rondvliege vo te loote
13:23 ShadyCatt  : jama kan da ni enkele uurtjes wachten allebei :/
13:24 jwooonas   : kzal half lope half vliege
13:24 ShadyCatt  : thnx :)
13:24 jwooonas   : da het lade ni te snel ga
13:25 ShadyCatt  : ja tis gwn nu efkes wa rustig doen me chunks laden
13:25 ShadyCatt  : straks moogt ge doen wa ge wilt
13:25 ShadyCatt  : doggotje jij ook pls
13:26 jwooonas   : seg doggo vraagsken
13:27 jwooonas   : het gij toevallig nog een home bij uw ocean monument
13:27 jwooonas   : ah wacht
13:27 jwooonas   : no doggo?
13:27 jwooonas   : where he go
13:27 ShadyCatt  : ah ja omg hij is weg
13:27 jwooonas   : ma is nu ocean so kzal ff bootje gebruike ipv elytra good?
13:27 ShadyCatt  : das goe ze
