23:57 RWKgaming  : /r ikke nog effe farming levelen 
23:57 RWKgaming  : /r dan ikke slaapslaap doe 
23:57 RWKgaming  : /r also ikke eff 4 fortune 3 pick voor u heb 
23:57 ShadyCatt  : /r ooh 
00:00 RWKgaming  : ge krijgt u iron
00:00 RWKgaming  : sec
00:00 RWKgaming  : ik check
00:01 RWKgaming  : 32 wast eh?
00:01 ShadyCatt  : 34
00:01 RWKgaming  : jwooonas
00:01 RWKgaming  : losertje
00:01 ShadyCatt  : ja i know
00:01 ShadyCatt  : hij wou toch 34
00:01 RWKgaming  : nee
00:01 RWKgaming  : ma
00:01 RWKgaming  : ik vraag
00:02 RWKgaming  : ma hij niet reageerr
00:02 ShadyCatt  : jwoenoes!
00:02 jwooonas   : 31
00:02 ShadyCatt  : ah lmao
00:02 ShadyCatt  : we stupid
00:03 RWKgaming  : /w ShadyCatt 20 per gevraagt 
00:03 RWKgaming  : /w ShadyCatt tis 18 aan de server 
00:03 ShadyCatt  : /r alrighty 
00:04 RWKgaming  : /r now i bol het af 
00:04 RWKgaming  : /r dag schattie 
00:04 ShadyCatt  : /r ma 
00:04 ShadyCatt  : /r :'( 
00:04 RWKgaming  : /r turn round 
00:04 RWKgaming  : /r kissy 
00:04 ShadyCatt  : /r hihi 
00:04 RWKgaming  : /r for name doggy 
00:04 ShadyCatt  : hold on
00:04 RWKgaming  : /r i have anvil at my other housy 
00:04 ShadyCatt  : i no find flower
00:04 ShadyCatt  : ohhh pillagers
00:05 RWKgaming  : no kill
00:05 ShadyCatt  : kill
00:05 RWKgaming  : no kill
00:05 ShadyCatt  : kill
00:05 RWKgaming  : i dont know if our town counts as a village
00:05 RWKgaming  : no kill
00:05 ShadyCatt  : ik ga slapen
00:05 ShadyCatt  : byebye
00:05 RWKgaming  : bye
09:39 jwooonas  : elo xd
09:39 ShadyCatt : ello
09:39 ShadyCatt : moogt mij pingen eh als je wil dak server opstart xD
09:40 jwooonas  : ja kdacht da later te doen wnt ga over 20 min klaarmake vo te vertrekke
09:40 jwooonas  : toen zag ik da em opstond so
09:40 ShadyCatt : ah lmao ja kga ook bijna vertrekken
09:40 ShadyCatt : right xD
09:40 ShadyCatt : ja kheb straks examen dus dan kan k het ni opzetten, dan moet je aan wout fzo vragen
09:40 jwooonas  : cvakes
09:41 jwooonas  : hem wout al een beke lastig gevalle
09:41 ShadyCatt : goed hehe
09:41 jwooonas  : xd
09:41 jwooonas  : jah kvroeg ofdak event moest doen of moest w8te op nog
09:42 jwooonas  : 5 min later had hem geannounced xd
09:42 ShadyCatt : ah zo, right ja tis echt laat nu om event nog te organiseren
09:42 jwooonas  : ja i know
09:42 ShadyCatt : ma bon tis geannounced
09:42 jwooonas  : ma kwil em nog ewa tijd geve snapte
09:42 ShadyCatt : kzal sws ook meer actief zijn na examens dus dw
09:42 ShadyCatt : mja snap k
10:08 ShadyCatt :  placed a sign @ Towny: x340, z-942
  Flower Garden
  (need tulips
  & 
10:08 ShadyCatt :  placed a sign @ Towny: x340, z-942
  Flower Garden
  (needs tulips
  & allium)
10:09 ShadyCatt :  placed a sign @ Towny: x351, z-945
  NPC
  housing
10:13 ShadyCatt :  placed a sign @ Towny: x354, z-910
  I want a BIG
  inn here!
  (max 19x19x19)
10:17 jwooonas  : wb
10:18 ShadyCatt : thanku
10:18 ShadyCatt : kga binnenkort wel sws vertrekken
10:18 jwooonas  : same
10:18 jwooonas  : ben gwn aant w8e tot gsm deftig es opgelad xd
10:18 ShadyCatt : hahah
10:18 ShadyCatt : ah fuck thanks for reminder
10:19 jwooonas  : XD
10:21 ShadyCatt :  placed a sign @ Towny: x330, z-899
  NPC
  house
10:21 ShadyCatt :  placed a sign @ Towny: x330, z-903
  NPC
  house
10:22 ShadyCatt :  placed a sign @ Towny: x339, z-898
  farm/quarry
10:23 ShadyCatt :  placed a sign @ Towny: x346, z-898
  farm/quarry
10:23 ShadyCatt : am going to go
10:23 ShadyCatt : daag
10:23 jwooonas  : daag
10:23 jwooonas  : gl
11:51 RWKgaming : elo
11:51 BIG_YEET_YONK: Ello
11:52 BIG_YEET_YONK: I don't understand how this works lol
11:52 mijn35 placed suspicious WATER_BUCKET @ Towny: x-735, z-953
11:52 BIG_YEET_YONK: How do i claim ground
11:52 RWKgaming    : doe /kit claim
11:53 BIG_YEET_YONK: aight en dan?
11:53 RWKgaming    : rechts click en links click de vloer die ge wilt claimen
11:54 BIG_YEET_YONK: Oh aight
11:58 BIG_YEET_YONK: Hoe krijg ik men chest terug haha
11:58 RWKgaming    : boek of /cv
11:58 RWKgaming    : dan blueprints
11:58 BIG_YEET_YONK: Hmm weird staat er nie
11:58 RWKgaming    : das idd weird
11:58 BIG_YEET_YONK: Ah wait it had to load in
13:44 mijn35       :  placed a sign @ Towny: x-790, z-913
  it's a home
  kinda...
14:58 jwooonas     : kom
14:58 jwooonas     : nu xd
14:59 SafetyDoggo  : ik ff hier
14:59 SafetyDoggo  : ik leg
14:59 jwooonas     : jama
14:59 jwooonas     : mending
14:59 SafetyDoggo  : sec
14:59 jwooonas     : ait
14:59 SafetyDoggo  : ik ben de economie aan het inflaten
15:00 jwooonas     : kijk is nr /skilltop mining xd
15:00 jwooonas     : hem een beke veel debora leemand gevind
15:00 jwooonas     : leemans*
15:00 SafetyDoggo  : eikes en trader
15:01 jwooonas     : lmao
15:01 SafetyDoggo  : tf all die koeien
15:02 jwooonas     : jah
15:02 jwooonas     : ga in nether portal XD
15:02 jwooonas     : nog meer koeie daar
15:02 jwooonas     : het gij trouwens boeke?
15:02 SafetyDoggo  : KDENK ET
15:03 jwooonas     : hem meer bookshelves nodig
15:05 jwooonas     : was ff me men ma bezig
15:06 jwooonas     : so you hab book plez
15:06 jwooonas     : me pay
15:06 SafetyDoggo  : huh
15:06 jwooonas     : wa huh
15:07 jwooonas     : ge zei toch kdenk dak boeke hem
15:07 SafetyDoggo  : juist xd
15:07 jwooonas     : xD
15:07 SafetyDoggo  : geen boekjes meer
15:07 jwooonas     : sadge
15:08 jwooonas     : ben ook gwn casual zowel mijn als x zijn farm aant gebruike
15:08 jwooonas     : kunt ge call sebiet?
15:08 SafetyDoggo  : op zich
15:08 SafetyDoggo  : ik ff nog call me ander mensjes
15:08 SafetyDoggo  : ma ik denk zij zijn het al beu
15:08 jwooonas     : cva
15:09 SafetyDoggo  : monie bijna 100k
15:09 jwooonas     : noice
15:09 jwooonas     : ben nog ni zo veel me money bezig atm
15:09 jwooonas     : eerst zien vo mijn dome xd
15:38 SafetyDoggo  : e
15:38 SafetyDoggo  : oop
15:39 SafetyDoggo  : ik ga wout stadje
15:49 jwooonas     : >_>
15:50 SafetyDoggo  : en tot zo ver mijn god pickaxe
15:50 jwooonas     : ./back?
15:50 SafetyDoggo  : verbrasnd
15:50 SafetyDoggo  : was nog geen netherite
15:50 jwooonas     : but
15:50 jwooonas     : u fell
15:50 SafetyDoggo  : next to lava
15:50 jwooonas     : ah
15:50 jwooonas     : u no netherite pick?
15:50 SafetyDoggo  : IK HEB OOK NOOIT GLEUK
15:51 jwooonas     : u dia pick?
15:51 SafetyDoggo  : DW doggo is al weer o pdie grind
15:51 jwooonas     : jama
15:51 jwooonas     : ANTWOORD
15:51 SafetyDoggo  : ik heb dia jha
15:51 jwooonas     : l bosaap
16:05 tommeke111   : doggo jij nu call
16:05 jwooonas     : >:(
16:05 SafetyDoggo  : i kben een sterke independent woman laat mij
16:15 SafetyDoggo  : whomst ever made gravel a thing in the nether should hurt himself
16:15 jwooonas     : u mama
16:15 SafetyDoggo  : ewel da ze der dan maar rap aan begint
16:15 jwooonas     : lmao
16:16 tommeke111   : noep
16:17 SafetyDoggo  : ik haat gravel
16:19 jwooonas     : gravel is love gravel is life
16:19 jwooonas     : xd
16:19 SafetyDoggo  : ieder zijn eigen probleem zeker
16:40 ShadyCatt    : ello
16:40 mijn35       : hi
16:40 tommeke111   : lisaaa
16:40 ShadyCatt    : oh no
16:40 ShadyCatt    : ik kom ni in vc
16:41 tommeke111   : niet nodig
16:41 mijn35       : fair enough, helft hier is niet eens mc aan het doen
16:41 ShadyCatt    : ja das zo chaotisch, brein kan da ni aan
16:41 ShadyCatt    : en kheb daarjuist examen gehad dus mn brein is sws op power saving mode :/
16:41 tommeke111   : heb jij toevalig silktouch?
16:41 ShadyCatt    : yes
16:41 mijn35       : ik heb dat ondertussen ook als nodig
16:42 tommeke111   : heb jij dan toeval 6coal ore?
16:42 ShadyCatt    : normaal heeft een van de villagers da
16:42 ShadyCatt    : ah wacht denk et
16:42 ShadyCatt    : ehh 4 denkik tho
16:42 tommeke111   : cz imma build something
16:42 ShadyCatt    : alrighty
16:44 tommeke111   : kijk
16:44 ShadyCatt    : ohh looks nice!!
16:44 tommeke111   : coal mine
16:44 ShadyCatt    : damn ziet er veel beter uit dan mijn iron mine hahah
16:44 tommeke111   : en ga ook nog een coal shop maken
16:45 ShadyCatt    : moet wel meerdere stone pickaxes er in zetten
16:45 ShadyCatt    : want da used die
16:45 tommeke111   : ah da gebruik geen iron ofwa
16:46 ShadyCatt    : jawel
16:46 ShadyCatt    : ma zo die iron blijft daar
16:46 ShadyCatt    : en dan elke keer da die iet minet dan gebruikt die een stone pickaxe
16:46 tommeke111   : ahhhhh
16:46 ShadyCatt    : dus moet da gwn volsteken me stone pickaxe
16:59 ShadyCatt    : mimir
17:00 mijn35       : yes ma'am
17:00 ShadyCatt    : thankyou
17:00 ShadyCatt    : >:(
17:00 ShadyCatt    : ah nice
17:01 mijn35 placed suspicious LAVA_BUCKET @ Towny: x-797, z-899
17:01 mijn35 placed suspicious WATER_BUCKET @ Towny: x-797, z-901
17:05 tommeke111 placed suspicious WATER_BUCKET @ Towny: x287, z-922
17:07 ShadyCatt    : ooh nice sheeps
17:07 tommeke111   : jaaa
17:07 ShadyCatt    : ik ben bezig me grote inn
17:07 ShadyCatt    : ma kben youtube tutorial aant volgen haha
17:08 tommeke111   : need help?
17:08 ShadyCatt    : nee ze
17:08 tommeke111   : ahhh ok
17:08 ShadyCatt    : thanks anyway :)
17:08 ShadyCatt    : ja kheb wa plots me bordjes gezet van wa k daar graag zou willen dus alsje wil mag je daar iet zetten, ma ofc u keuze
17:09 tommeke111   : ah ok
17:09 ShadyCatt    : kies maar eh
17:09 ShadyCatt    : why are there so many cows
17:10 tommeke111   : kom anders in penguin neste
17:10 ShadyCatt    : ah ja sorry kwil ni echt in vc vandaag, ben wa moe van examen
17:10 tommeke111   : ah ok nppp
17:26 ShadyCatt    : gold?
17:26 tommeke111   : you love gold
17:26 mijn35       : ?
17:26 ShadyCatt    : ?
17:26 ShadyCatt    : i got gold chestplate
17:26 ShadyCatt    : ma mn iron is beter
17:26 tommeke111   : ja ma die enchtand
17:26 ShadyCatt    : ja swaar
17:26 ShadyCatt    : ma gaat snel kapot
17:26 ShadyCatt    : thnx tho :)
17:28 ShadyCatt    : ello
17:29 jwooonas     : ello
18:15 jwooonas     :  placed a sign @ Towny: x-926, z-978
  heb u sugar cane
  farm gebruikt 
  maar heb ook
  voor u uitgebreid
18:16 ShadyCatt    : ?
18:16 ShadyCatt    : wtf is die sign
18:16 jwooonas     : das vo x
18:16 jwooonas     : hem fkes zijn sugar can farm gebruikt ma heb em in ruil ervoor ewa uitgebreid
18:17 jwooonas     : ah btw lisa
18:17 ShadyCatt    : yes
18:17 ShadyCatt    : ah oke
18:17 jwooonas     : i see lisa afk and no longer afk zoude wij da ook moete kunne gebruike of ni?
18:17 jwooonas     : wnt ga ni
18:17 ShadyCatt    : ?
18:17 jwooonas     : just to make sure
18:17 ShadyCatt    : hzo
18:17 ShadyCatt    : je ziet da als ik afk ben
18:18 ShadyCatt    : das automatisch normaal
18:18 jwooonas     : aahn
18:18 jwooonas     : kdacht da da /afk was nvm mb
18:21 ShadyCatt    : ah ja da kan ook
18:21 ShadyCatt    : kunnen jullie da ni?
18:21 ShadyCatt    : mja das ook ni belangrijk tho
18:21 jwooonas     : nein
18:21 jwooonas     : idd
18:21 ShadyCatt    : das zo vreemd wel da jullie kunnen zien als k afk ben
18:21 jwooonas     : as da automatisch ga dan es da niegt een probleem
18:28 ShadyCatt    : ola
18:28 jwooonas     : ola
18:33 jwooonas     : lisa
18:33 ShadyCatt    : yes
18:33 jwooonas     : we died to buuuuuuuug
18:33 ShadyCatt    : hzo?
18:33 ShadyCatt    : didnt see you die
18:34 jwooonas     : ik ga terug door netherportal same me PEK en das in de void
18:34 jwooonas     : koe duwt mij ik val in void
18:34 ShadyCatt    : LMAO
18:34 ShadyCatt    : dus death by cow?
18:34 jwooonas     : ge ziet toch fell out of the world
18:34 ShadyCatt    : nee
18:34 jwooonas     : huh
18:34 jwooonas     : pek
18:35 tommeke111   : jawel lisa
18:35 tommeke111   : het is echt zo
18:35 jwooonas     : wij zijn bijde onze stuff kwijt door een stupid bug
18:35 ShadyCatt    : er staat da server overloaded was ma ni da ge dood zijt gegaan
18:35 ShadyCatt    : wa was u stuff?
18:35 ShadyCatt    : kun je ni /back doen
18:35 tommeke111   : nene geen grap eens je door netherportal gaat val je in void
18:36 tommeke111   : nee dan val je gwn terug in void
18:36 jwooonas     : full netherite armor, netherite axe, sword, pickaxe en 4 stacks flint
18:36 ShadyCatt    : hmm
18:36 ShadyCatt    : oke wacht mag ik eens proberen?
18:36 jwooonas     : k
18:36 ShadyCatt    : kga mezelf in creative zetten
18:37 ShadyCatt    : where
18:37 jwooonas     : sec
18:37 ShadyCatt    : eh
18:37 ShadyCatt    : ik zie niks?
18:37 jwooonas     : go back in
18:37 ShadyCatt    : aha
18:37 ShadyCatt    : thats weird
18:37 jwooonas     : jah
18:37 jwooonas     : elo
18:37 tommeke111   : elooo
18:37 mijn35       : yo dude
18:37 ShadyCatt    : ello!
18:38 ShadyCatt    : kzal et nekeer aan wout vragen, voor nu probeer ni terug te gaan in portal ma doe gwn /warp towny of /home
18:38 jwooonas     : cva
18:38 WickedGrinn  : Y'all missing a barrier >_>
18:38 jwooonas     : wnt ja khad net netherite pick me mending en eff 3
18:39 ShadyCatt    : oke
18:39 ShadyCatt    : ik denk da ik het snap
18:39 ShadyCatt    : main world is de hub
18:39 ShadyCatt    : spawn
18:39 ShadyCatt    : en die is empty
18:39 ShadyCatt    : dus wss gaat da portaal gwn naar daar
18:39 ShadyCatt    : id just do /home
18:40 jwooonas     : ja i'll just do that next time
18:40 ShadyCatt    : also who is to say da wij ni willen da mensen van de spawn af vallen >:)
18:40 ShadyCatt    : also jonas waarom tf maak jij een ranch in the nether
18:40 jwooonas     : ma da haalt nog altij het feit ni weg da wij unze stuff kwijt zijn door iet waar wij nix vanaf wiste eh
18:41 jwooonas     : oh fuck
18:41 jwooonas     : mijn emeralds
18:41 ShadyCatt    : ja eh die mending dinges kan k ook weinigaan doen
18:41 ShadyCatt    : stuur mij alles wa je had
18:41 ShadyCatt    : allebei als jullie allebei dood zijn
18:42 jwooonas     : full netherite armor, netherite axe, sword, pickaxe en 4 stacks flint 13 emeralds
18:42 jwooonas     : as ge mij 20 extra emeralds geef kan ik de mending zelf terug fixe
18:42 ShadyCatt    : alright
18:42 jwooonas     : merci
18:43 ShadyCatt    : wrm tf zo veel flint
18:43 jwooonas     : tysm
18:43 ShadyCatt    : alright dees is normaal alles
18:43 ShadyCatt    : np :)
18:43 jwooonas     : trade
18:43 jwooonas     : me villager
18:43 ShadyCatt    : pas op drowned achter u
18:44 ShadyCatt    : pek jij was ni dood eh?
18:44 jwooonas     : jawel
18:44 tommeke111   : diamond armour, iron pix, iron sword, 20 iron igots, 24 paper
18:44 ShadyCatt    : ah right
18:44 ShadyCatt    : sec
18:44 ShadyCatt    : full diamond?
18:44 tommeke111   : si
18:45 ShadyCatt    : da was het?
18:45 tommeke111   : ja nrml wel
18:45 ShadyCatt    : alright :à
18:45 ShadyCatt    : :)
18:46 jwooonas     : ian call?µ
18:46 WickedGrinn  : Naw I'm good >_
18:46 WickedGrinn  : >
18:46 jwooonas     : alr
18:47 jwooonas     : ben nog bezig me town op te righte so hit me up if u wanna join me or if i can join u xd
18:47 WickedGrinn  : Btw, zijn er custom enchants?
18:47 ShadyCatt    : no
18:47 jwooonas     : nope
18:47 WickedGrinn  : Ait
18:47 ShadyCatt    : meeste wa er is is towny system en skills
18:48 ShadyCatt    : en dan sethome enzo
18:48 WickedGrinn  : Goe da ge da mentioned, heb nog geen home gezet xd
18:48 ShadyCatt    : haha ja kunt er normaal max 10 zetten
18:49 ShadyCatt    : also keep in mind da server redelijk shitty is
18:49 ShadyCatt    : en chunks inladen neemt veel ram idk hoe het werkt
18:49 ShadyCatt    : dus kan zijn da m wa lagt als je veel exploret
18:49 ShadyCatt    : alleja rond wild is al vooral explored ma nog steeds xD
18:49 WickedGrinn  : I mean, de chunkload distance is laag anyway
18:53 WickedGrinn  : Is er een world border?
18:53 ShadyCatt    : nop
19:06 ShadyCatt    : oh wait
19:06 ShadyCatt    : je bedoelt singular barrier
19:06 ShadyCatt    : wout heeft juist foto gestuurd
19:06 ShadyCatt    : fixed
19:10 ShadyCatt    : thank
19:10 ShadyCatt    : cool eh
19:11 tommeke111   : jaaaa
19:13 WickedGrinn  : Waarom is de message van een home te deleten int spaans >_>
19:13 ShadyCatt    : IDK hahahaha
19:13 jwooonas     : xD
19:13 ShadyCatt    : mensen hebben er al mee gelachen
19:14 WickedGrinn  : brb
19:15 tommeke111   :  placed a sign @ Towny: x346, z-942
  work
  in 
  progress
19:15 jwooonas     : wb
19:18 WickedGrinn  : Iemand interested in een skelly spawner?
19:18 jwooonas     : xd
19:19 ShadyCatt    : nah
19:19 WickedGrinn  : met disc inbegrepen xD
19:19 jwooonas     : dis spider spawner
19:19 jwooonas     : scammer
19:19 jwooonas     : xd
19:19 WickedGrinn  : Ah
19:19 ShadyCatt    : spider scammer
19:19 WickedGrinn  : Wrm the fuck waren er like 5 skellies hier tho
19:19 jwooonas     : da zulle l bosape zijn zeker
19:19 ShadyCatt    : :/
19:20 jwooonas     : is dit recourse world ian?
19:20 WickedGrinn  : Als het protaal in de hub naar resource is, yes
19:20 ShadyCatt    : er zijn 2 portalen
19:20 jwooonas     : zijn 2 portals nr hub xd
19:20 WickedGrinn  : Straight tegenover de signs >_>
19:21 ShadyCatt    : eh ik denk towny
19:21 ShadyCatt    : im not sure
19:21 jwooonas     : das towny
19:21 jwooonas     : ait
19:21 ShadyCatt    : then please dont mine here xD
19:21 ShadyCatt    : resources wordt gereset
19:21 jwooonas     : no imma make a farm out of this
19:21 ShadyCatt    : alleja mag wel terraformen en shit uit de weg ruimen
19:21 ShadyCatt    : oh en please go easy on the farms
19:21 ShadyCatt    : rip ram
19:21 jwooonas     : yes yes tes ma 1 spawner eh
19:24 jwooonas     : xd
19:24 ShadyCatt    : ola
19:24 jwooonas     : im hot like that
19:24 jwooonas     : ik ben als het ware de alfa male
19:25 WickedGrinn  : Straight tegenover de signs >_>
19:25 WickedGrinn  : Bruh
19:25 ShadyCatt    : ?
19:25 WickedGrinn  : Ik niet deed pijltje omhoog
19:39 jwooonas     : lagg my bad btw sowy
19:39 jwooonas     : exploring nether atm
19:39 ShadyCatt    : np ik had niks
19:39 ShadyCatt    : ello wout :)
19:39 RWKgaming    : ello
19:39 RWKgaming    : farming wardens
19:40 RWKgaming    : archery level 20 baby XD
19:42 ShadyCatt    : ??
19:42 RWKgaming    : overconfidence
19:42 ShadyCatt    : obliterated
19:42 RWKgaming    : is the bane of man
19:42 RWKgaming    : dacht dak nog een hit kon nemen
19:42 WickedGrinn  : What the f
19:42 WickedGrinn  : Kheb net de xp values gecheckt
19:43 WickedGrinn  : Die zijn zoveel hoger dan op void
19:43 ShadyCatt    : ?
19:43 RWKgaming    : those are the default
19:43 WickedGrinn  : 10k fighting voor warden
19:43 ShadyCatt    : das gwn standard?
19:43 WickedGrinn  : Op void was da like 2k
19:43 RWKgaming    : 1 warden kill is levels 1-6 van whatever skill ge gebruikt om em te kille
19:43 jwooonas     : hebbe da op void heel vaak verlaagd vanwege warden farms
19:43 WickedGrinn  : Bruh
19:44 WickedGrinn  : Void is boring
19:44 jwooonas     : no shit sherlock
19:44 jwooonas     : xd
19:45 WickedGrinn  : Ah right, leather boots
19:45 WickedGrinn  : xD
19:48 RWKgaming    : /msg ShadyCatt 
19:48 RWKgaming    : /msg ShadyCatt ikke u fix full netherit 
19:48 ShadyCatt    : /r ma da moet ni ze 
19:49 RWKgaming    : /r godverdomme jij niet begrijp ik heb da altar ding 
19:49 ShadyCatt    : /r ah das ook goe 
19:49 RWKgaming    : /r das legit 400 van mijn 200K ofzo 
19:51 tommeke111   :  placed a sign @ Towny: x347, z-946
  Vill
19:51 tommeke111   :  placed a sign @ Towny: x347, z-946
  villager
  house
19:54 RWKgaming    : /r check discord trut 
19:55 ShadyCatt    : heeft iemand wa eten
19:55 ShadyCatt    : alleja zo al gekookt
19:55 ShadyCatt    : ik zit op dak
19:55 mijn35       : een stack stake ?
19:56 ShadyCatt    : sure
19:56 ShadyCatt    : voor hoeveel
19:56 ShadyCatt    : i am on da roof
19:56 ShadyCatt    : damn thank
19:56 ShadyCatt    : hoeveel bal
19:56 mijn35       : idc, ik heb een ranch
19:56 ShadyCatt    : ja ik ook ma like coal en smelting
19:56 ShadyCatt    : ier kgeef u 1k okay?
19:57 mijn35       : sure thing
19:57 ShadyCatt    : ajb
19:57 RWKgaming    : /r not fully enchanted but good enough 
19:58 ShadyCatt    : /r ma da moet ni!! 
19:59 RWKgaming    : heya losertjes
19:59 ShadyCatt    : ja
19:59 RWKgaming    : server gaat even restarten zoda ik het nether portal problem plus kelp prijs kan fixen
19:59 RWKgaming    : so
19:59 RWKgaming    : put yourself in a safe spot
19:59 ShadyCatt    : ma
19:59 ShadyCatt    : nooo
20:03 ShadyCatt : ello??
20:03 RWKgaming : pick up
20:03 ShadyCatt : i no have space
20:03 RWKgaming : then make space
20:04 ShadyCatt : wa vind je van mijn huisje
20:04 jwooonas  : lelijk
20:04 ShadyCatt : alleja t wordt een tavern / inn
20:04 ShadyCatt : :(
20:04 jwooonas  : xd
20:05 WickedGrinn placed suspicious WATER_BUCKET @ Resource_world: x6731, z1098
20:05 WickedGrinn placed suspicious WATER_BUCKET @ Resource_world: x6732, z1097
20:05 WickedGrinn placed suspicious WATER_BUCKET @ Resource_world: x6733, z1094
20:09 WickedGrinn placed suspicious WATER_BUCKET @ Resource_world: x7019, z1010
20:09 jwooonas  : dat waren de dagen
20:09 RWKgaming : lamo
20:10 ShadyCatt : DOGGYS
20:10 ShadyCatt : THE DOGGYS ARE BACK
20:13 WickedGrinn placed suspicious WATER_BUCKET @ Resource_world: x7607, z1171
20:14 WickedGrinn: Elke keer als ik iets eet zie ik voor een split second iets van tekst staan boven mijn health enzo, iets van "You have gained... " tf is da?
20:14 RWKgaming  : you get xp
20:14 ShadyCatt  : you have gained weight
20:14 RWKgaming  : voor civs
20:14 WickedGrinn: What it for
20:14 RWKgaming  : to check civs level shit doe /cv dan op uw hoofd dan boek da skills heet
20:14 WickedGrinn: cv
20:14 RWKgaming  : geeft dicounts
20:14 RWKgaming  : discounts*
20:14 WickedGrinn: Wrong button >_>
20:15 ShadyCatt  : mimir
20:15 ShadyCatt  : mimir!
20:15 RWKgaming  : i cannot mimir
20:15 RWKgaming  : i am
20:15 RWKgaming  : in a mine
20:15 ShadyCatt  : mimir >:(
20:15 mijn35     : omw
20:15 ShadyCatt  : thankyou
20:16 ShadyCatt  : jeej
20:16 jwooonas   : kzal a es jeej >:(
20:16 ShadyCatt  : >:(
20:16 RWKgaming  : say that again
20:16 RWKgaming  : i dare you
20:16 ShadyCatt  : ja idd >:(
20:16 RWKgaming  : ./kick jwooonas
20:16 ShadyCatt  : wout da irriteert mij da je dezelfde kleur hebt als mij
20:16 RWKgaming  : da heb
20:16 RWKgaming  : JIJ
20:16 RWKgaming  : gedaan
20:17 ShadyCatt  : fix
20:17 RWKgaming  : jesus
20:17 RWKgaming  : loser
20:17 ShadyCatt  : eikeba
20:17 ShadyCatt  : geel
20:17 RWKgaming  : make me red again
20:17 ShadyCatt  : idk which code
20:17 ShadyCatt  : nu?
20:17 RWKgaming  : varying shades of blue
20:17 ShadyCatt  : well thats okay
20:17 RWKgaming  : fair
20:17 WickedGrinn: Probeer 4
20:17 ShadyCatt  : wil iemand wheat verkopen aan mij
20:17 ShadyCatt  : ist fix?
20:17 RWKgaming  : red
20:18 ShadyCatt  : nice
20:18 ShadyCatt  : iemand wheat
20:18 ShadyCatt  : ik heb wheat nodig
20:18 RWKgaming  : we have a farm
20:18 RWKgaming  : tupiod
20:18 ShadyCatt  : tupiod
20:18 ShadyCatt  : ja ma das traag
20:18 RWKgaming  : ...
20:18 RWKgaming  : also
20:18 ShadyCatt  : ik heb geld
20:18 RWKgaming  : level up the town
20:18 ShadyCatt  : geef mij wheat ik geef jou geld
20:18 jwooonas   : ik ben omringd door brutes
20:18 jwooonas   : >:(
20:18 RWKgaming  : lisa ik heb genoeg money
20:18 tommeke111 : ik heb wheat
20:18 ShadyCatt  : oh?
20:18 ShadyCatt  : hoeveel
20:18 ShadyCatt  : en hoeveel wil je ervoor
20:18 tommeke111 : 32
20:19 ShadyCatt  : ooh gud
20:19 ShadyCatt  : name ur price
20:19 ShadyCatt  : oh thanks
20:19 ShadyCatt  : hoeveel bal
20:19 tommeke111 : 500
20:19 ShadyCatt  : alrighty
20:19 ShadyCatt  : ajb
20:19 tommeke111 : ty
20:20 RWKgaming  : lisa what is wrong with you
20:20 ShadyCatt  : wa
20:20 tommeke111 : lisa
20:20 ShadyCatt  : my man stole my barrels as a profession :/
20:20 tommeke111 : een ambassy
20:20 tommeke111 : is nodig??
20:20 ShadyCatt  : tf is embassy
20:21 ShadyCatt  : ikke ga eten nu
20:21 ShadyCatt  : tot straks
20:21 tommeke111 : ok
20:21 RWKgaming  : utility building probably
20:38 WickedGrinn placed suspicious WATER_BUCKET @ Resource_world: x11909, z2385
20:47 ShadyCatt  : am back hehe
20:56 WickedGrinn: home h
20:56 WickedGrinn: ffs
20:56 ShadyCatt  : goedzo
20:56 RWKgaming  : pain
20:56 RWKgaming  : XD
20:57 ShadyCatt  : auw :(
20:57 ShadyCatt  : creeper
20:58 tommeke111 : lisaaaaa
20:58 ShadyCatt  : yess
20:58 tommeke111 : kijk
20:58 ShadyCatt  : ooh nice
20:58 ShadyCatt  : looks good
20:58 ShadyCatt  : wa ga je ermee doen?
20:58 tommeke111 : das de embassy
20:58 ShadyCatt  : ah
20:58 ShadyCatt  : huh je moet daar een gebouw voor hebben?
20:58 ShadyCatt  : alright haha
20:58 RWKgaming  : ja
20:59 WickedGrinn placed suspicious WATER_BUCKET @ Towny: x461, z20
21:00 ShadyCatt  : hoe maak je zo scaffolding
21:00 ShadyCatt  : da is het eh
21:00 RWKgaming  : bamboo
21:00 WickedGrinn: 6 bamboo 1 string
21:00 ShadyCatt  : zo van die dingen da je omhoog gaat
21:01 ShadyCatt  : hoe waar bamboe
21:01 RWKgaming  : jungle
21:01 ShadyCatt  : ah
21:01 ShadyCatt  : heeft iemand bamboe :(
21:01 RWKgaming  : martijn
21:01 mijn35     : second
21:01 ShadyCatt  : bamboe?
21:01 ShadyCatt  : i have money
21:03 ShadyCatt  : what is
21:03 ShadyCatt  : it look like poop
21:03 ShadyCatt  : ah nice
21:03 ShadyCatt  : thanks
21:03 jwooonas   : you re poop
21:03 ShadyCatt  : kheb al bamboe!! tis fine
21:03 jwooonas   : are*
21:03 ShadyCatt  : thankyou
21:03 tommeke111 : ja das die van martijn
21:05 ShadyCatt  : ah oke haha
21:05 ShadyCatt  : thanks martijn
21:05 ShadyCatt  : how much bal u want
21:06 mijn35     : no need, fix mij gwn cheap stuff wnr ik het nodig heb
21:06 ShadyCatt  : jama that sounds more expensive hahah
21:06 jwooonas   : wout is stout lisa
21:06 ShadyCatt  : verbaast mij ni
21:06 mijn35     : ik bedoel dingen die jij al automatisch produceerd
21:06 jwooonas   : wout mijn idee afpak
21:06 RWKgaming  : ikke ei
21:06 jwooonas   : ikke ei
21:06 RWKgaming  : ikke ei
21:11 RWKgaming  : schattie
21:11 RWKgaming  : wij doden draakje
21:11 RWKgaming  : jij mee kom dood draakje?
21:11 ShadyCatt  : oh?
21:11 ShadyCatt  : ma ik bouw huisje
21:13 RWKgaming  : jij liever bouw huisje dan dood draakje.
21:13 RWKgaming  : ?
21:13 ShadyCatt  : ja >:(
21:13 RWKgaming  : ok
21:13 ShadyCatt  : sorry
21:13 ShadyCatt  : i jsut want the achievement
21:13 RWKgaming  : you can get it later tupid
21:13 ShadyCatt  : i got it
21:14 ShadyCatt  : continue make huisje
21:18 ShadyCatt  : lmao
21:20 ShadyCatt  : nice
21:20 jwooonas   : wout eg :(
21:20 ShadyCatt  : wout eg
21:26 ShadyCatt  : ???
21:26 ShadyCatt  : wout wtf
21:26 RWKgaming  : hij is een wanker
21:26 RWKgaming  : da is het
21:26 RWKgaming  : verdient
21:27 WickedGrinn: Heeft Wout hem gekickt ofzo?
21:27 ShadyCatt  : ja idk why
21:27 RWKgaming  : ja
21:27 RWKgaming  : had gezegt end city die we hadden gevonden van mij
21:27 RWKgaming  : hij gaat naar ship
21:28 WickedGrinn placed suspicious WATER_BUCKET @ Towny: x4860, z4309
21:29 mijn35     : heeft iemand een villager die wheat verkoopt ?
21:29 ShadyCatt  : nee ikke ni
21:29 ShadyCatt  : omg wij hebben iron golem
21:41 WickedGrinn placed suspicious WATER_BUCKET @ Towny: x6388, z5810
21:45 ShadyCatt  : hello!
21:45 ShadyCatt  : wifi working better?
21:45 Noomine    : i hope lol
21:45 jwooonas   : I AM NOT
21:45 ShadyCatt  : jonas you never work
21:46 jwooonas   : me want fly >:(
21:46 jwooonas   : me hab dragon hed
21:46 jwooonas   : why i cant flie
21:46 ShadyCatt  : ?
21:46 Noomine    : yesterday it just disconnected me when the landscape loaded in
21:46 ShadyCatt  : what chu mean
21:46 ShadyCatt  : oh thats strange
21:46 ShadyCatt  : but it works now?
21:47 Noomine    : seems to be good now
21:47 ShadyCatt  : nice!
21:49 ShadyCatt  : make sure to mine in the wild and build in towny :)
21:49 ShadyCatt  : cuz wild gets rebooted every now and then
21:50 Noomine    : i havent played survival minecraft since forever damn
21:50 jwooonas   : we just killed dragon xd
21:50 ShadyCatt  : haha i mean same, still mentally stuck in 1.12
21:50 RWKgaming  : "silk touch is hard to get"
21:51 ShadyCatt  : its towny tho but that just means more building focused
21:51 ShadyCatt  : if you want
21:51 Noomine    : yep yep
21:51 tommeke111 : kijk
21:51 ShadyCatt  : watte
21:51 tommeke111 : hoe vind je het
21:51 ShadyCatt  : ooh looks nice
21:51 RWKgaming  : spek they english
21:51 ShadyCatt  : spek
21:51 ShadyCatt  : jama tis tegen mij
21:52 ShadyCatt  : also she does speak a bit of dutch?
21:52 ShadyCatt  : oh dankuk
21:52 ShadyCatt  : kheb et wel ni meer nodig hahah
21:52 ShadyCatt  : wa kun je me bamboe doen
21:52 Noomine    : scaffolding
21:52 ShadyCatt  : yea i have already made some
21:52 ShadyCatt  : what then xD
21:53 Noomine    : sticks and pandas
21:53 ShadyCatt  : PANDA??????
21:53 Noomine    : breed them
21:53 ShadyCatt  : there
21:53 ShadyCatt  : is
21:53 ShadyCatt  : panda???
21:53 Noomine    : in baboo jungle biome
21:53 ShadyCatt  : omg
21:53 Noomine    : bamboo
21:53 ShadyCatt  : i just got this bamboo
21:53 ShadyCatt  : after house i am going to look for panda
21:54 Noomine    : theyre abdorable
21:54 ShadyCatt  : i can imagine!!
21:54 Noomine    : i think they can eat cake too
21:54 ShadyCatt  : WHAT
21:54 Noomine    : you have to drop it close to them and theyll munch it up
21:54 ShadyCatt  : omg so cute
21:57 tommeke111 : imma go
21:57 ShadyCatt  : alrighty
21:57 ShadyCatt  : byebye
21:57 tommeke111 : wait why is it spek
21:57 ShadyCatt  : HAH ni van mij
21:57 jwooonas   : bc spek
21:57 tommeke111 : my name is PEK
21:57 tommeke111 : not spek
21:58 ShadyCatt  : :(
21:58 ShadyCatt  : bitch
21:58 ShadyCatt  : i didnt change it :(
22:00 Noomine    : what does one do with the deep dark stuff?
22:00 ShadyCatt  : ehhh
22:00 ShadyCatt  : sell?
22:00 RWKgaming  : be very careful
22:00 RWKgaming  : it gives xp when broken
22:00 Noomine    : theres a mega gigantic cave there
22:00 RWKgaming  : but can summon a mob thats on par with enderdragon in health and can 3 shot you with max level armor
22:00 jwooonas   : wout
22:01 Noomine    : ima head out of here then no thx
22:01 jwooonas   : ik geen meer bouw bloch
22:01 RWKgaming  : as long as you sneak
22:01 RWKgaming  : its fine
22:01 jwooonas   : ich bouw bloch nodig
22:01 WickedGrinn: As long as you can see, it's fine too cause then it ain't spawning
22:01 jwooonas   : super toll
22:01 ShadyCatt  : mimir
22:01 ShadyCatt  : mimir
22:01 ShadyCatt  : jeej
22:02 Noomine    : and the skulk (?) sensors do i have to be careful about them
22:02 WickedGrinn: Only if there's the shriekers as well
22:02 WickedGrinn: The combination of those 2 is what summons the wardeb
22:02 WickedGrinn: warden*
22:02 jwooonas   : wardeb
22:02 ShadyCatt  : wardeb
22:02 jwooonas   : war + dab
22:03 Noomine    : ait thanks
22:05 jwooonas   : welp
22:05 jwooonas   : that's 1
22:05 jwooonas   : 2 more and wardeb will come
22:06 WickedGrinn: No?
22:06 WickedGrinn: Thems be sneaking
22:06 WickedGrinn: Meaning it ddin't trigger
22:07 Noomine    : i left the skulk thingy too stressful
22:07 RWKgaming  : you can do /back
22:07 WickedGrinn: Also, it's 4 warnings
22:07 WickedGrinn: >_>
22:08 jwooonas   : no normally it's 3
22:08 RWKgaming  : no
22:08 RWKgaming  : 4
22:08 jwooonas   : me and wout can confrim
22:08 jwooonas   : no
22:08 jwooonas   : wooooooooooot
22:08 WickedGrinn: I looked it up >_>
22:08 RWKgaming  : i been farming em
22:08 WickedGrinn: 3 warnings, 4th time spawns
22:08 jwooonas   : but always me 3 and then yoinky sploinky
22:09 RWKgaming  : sound clues are "draws near" "something" "is arriving" and then he spawns
22:09 jwooonas   : is approaching
22:09 RWKgaming  : thats probably first one then
22:09 WickedGrinn: Why I can no /afk >_>
22:09 jwooonas   : or approaches
22:09 WickedGrinn: Boutta hunt an fing mosquito
22:09 RWKgaming  : dont need to
22:09 RWKgaming  : does it on its own
22:09 jwooonas   : it does auto after a while
22:16 ShadyCatt  : heeft iemand acacia wood
22:16 RWKgaming  : no
22:16 jwooonas   : ja
22:16 RWKgaming  : also
22:16 RWKgaming  : tp is
22:16 RWKgaming  : trut
22:16 jwooonas   : ma ge moe wel zelf hakke
22:16 ShadyCatt  : alright
22:16 RWKgaming  : tp lisa
22:17 RWKgaming  : na mij
22:17 ShadyCatt  : ma ik wil hier ni zijn
22:17 RWKgaming  : blo
22:17 SafetyDoggo: ja lisa
22:17 ShadyCatt  : waarom
22:17 ShadyCatt  : ik wil acacia :(
22:17 RWKgaming  : daarom
22:17 ShadyCatt  : box
22:17 jwooonas   : ja second stuk ongeduld
22:17 RWKgaming  : blo
22:17 ShadyCatt  : :(
22:17 RWKgaming  : more box
22:17 RWKgaming  : not more box
22:17 ShadyCatt  : :(
22:17 RWKgaming  : you be pranked
22:17 jwooonas   : en also
22:17 jwooonas   : accacia eik
22:17 RWKgaming  : sevves meer box
22:17 jwooonas   : eikest
22:18 jwooonas   : lisa tp
22:19 jwooonas   : LISA tp
22:19 jwooonas   : oke geen accacia voor u
22:20 jwooonas   : LISA
22:20 SafetyDoggo: 216,534.11
22:20 SafetyDoggo: ik ben een rijke tinker
22:20 SafetyDoggo: ezzz doggo inflation
22:21 RWKgaming  : /msg SafetyDoggo wa zijt ge aant sellen 
22:21 SafetyDoggo: alles
22:21 jwooonas   : wij hebbe draakje verslage zonder jou nah
22:21 jwooonas   : verrader
22:21 SafetyDoggo: als ik om de draak gaf hadj et geweetn
22:21 RWKgaming  : doggo denkend da hij de rijkste persoon op de server is :)
22:22 SafetyDoggo: ik krijg uurlijk inkom van nu 50K
22:22 SafetyDoggo: however once kitty is able to join kan ik da naar 100k verander
22:22 SafetyDoggo: moet ik wel consistent online zijn
22:25 RWKgaming  : finally
22:25 RWKgaming  : loser
22:25 xEnderyLoyx: hola
22:25 jwooonas   : henlow
22:26 RWKgaming  : i like the extra edge in the username
22:26 xEnderyLoyx: but ofcourse
22:27 SafetyDoggo: se ma wa is die shelter even good for
22:27 RWKgaming  : sells food
22:27 WickedGrinn: ma kunt ge ni gwn /sell doen >_>
22:27 RWKgaming  : nee
22:27 RWKgaming  : alle
22:27 RWKgaming  : ja
22:27 RWKgaming  : sell hand
22:27 jwooonas   : make potatofarm put hopper under chest into shelter en vala
22:27 SafetyDoggo: jha maj krijgt minder via da
22:27 RWKgaming  : correct
22:29 RWKgaming  : imagine ni eerst diamonds krijgen en dan stone age
22:29 RWKgaming  : coulndt be me
22:29 SafetyDoggo: hz level je voor nieuwe buildings
22:30 SafetyDoggo: moet ik dan me slettelment levele
22:31 RWKgaming  : loser
22:31 RWKgaming  : now you no get hout
22:31 ShadyCatt  : :(
22:31 RWKgaming  : waarom wil je zelfs hollandhout
22:31 ShadyCatt  : ik wil acacia
22:31 ShadyCatt  : da moet
22:31 ShadyCatt  : voor inn
22:32 RWKgaming  : ah
22:32 ShadyCatt  : ik ga da gwn ondergrond doen
22:32 ShadyCatt  : ma anders ja concrete ma kheb alles al gemaakt
22:32 ShadyCatt  : ah eik sinds wanneer is doggo hier
22:32 ShadyCatt  : wha
22:33 ShadyCatt  : why are you rowing in my street
22:33 SafetyDoggo: i am obeying the speed limit
22:33 RWKgaming  : rowing to da beat
22:33 SafetyDoggo: SiLk ToUcH???
22:33 RWKgaming  : alleen ik mag silk touch jokes maken
22:33 ShadyCatt  : doggo stfu
22:34 ShadyCatt  : kzal u straks nekeer silk touchen
22:34 ShadyCatt  : wait no
22:34 SafetyDoggo: heb jij silk touch uitgevonde ik dacht het nietr
22:34 ShadyCatt  : heeft iemand hollanderhout????
22:34 SafetyDoggo: jha
22:34 ShadyCatt  : geef
22:34 SafetyDoggo: ma wil ik dat
22:34 ShadyCatt  : jij krijg money
22:34 SafetyDoggo: how much
22:34 ShadyCatt  : wa wil je
22:34 ShadyCatt  : sec
22:34 ShadyCatt  : 64 en 35
22:34 ShadyCatt  : 64 + 35 = ?
22:34 ShadyCatt  : ga uit mn gat
22:34 RWKgaming  : 99
22:35 ShadyCatt  : ja 99
22:35 ShadyCatt  : plankje gwn
22:35 ShadyCatt  : dus like 25 log is goed
22:35 ShadyCatt  : ma eike
22:35 ShadyCatt  : gif shit
22:35 SafetyDoggo: sec
22:35 SafetyDoggo: i get it
22:35 ShadyCatt  : wie s enderyloy
22:35 RWKgaming  : lyo
22:35 ShadyCatt  : ah nice
22:35 xEnderyLoyx: hola
22:35 ShadyCatt  : ello
22:35 xEnderyLoyx: :D
22:36 ShadyCatt  : ik ben lisa
22:36 WickedGrinn: Nee, echt?
22:36 ShadyCatt  : right i have nickname
22:36 ShadyCatt  : lmao
22:36 xEnderyLoyx: nice to meet ya
22:36 ShadyCatt  : jama >:( mijn naam is shadycatt normaal
22:36 ShadyCatt  : das mn vader zn gamertag :/
22:36 ShadyCatt  : ik zie niks in chest
22:36 SafetyDoggo: take it
22:36 ShadyCatt  : take what
22:36 SafetyDoggo: hij zit bom vol
22:36 ShadyCatt  : hij zit leeg
22:36 ShadyCatt  : ik kan er in zien
22:37 ShadyCatt  : HAH da lijkt alsof da u dumpy twerkt
22:37 SafetyDoggo: heh
22:37 ShadyCatt  : als ik chest boat probeer af te breken
22:37 ShadyCatt  : geef mij shit
22:37 SafetyDoggo: ik zal ki res world afzoeken voor u
22:37 ShadyCatt  : dankyou
22:37 SafetyDoggo: ma blijf dan van mjn dumpy af
22:37 ShadyCatt  : :'(
22:37 ShadyCatt  : oke
22:37 ShadyCatt  : a steep price to pay
22:37 WickedGrinn: Pls mimir
22:37 WickedGrinn: Thank
22:38 SafetyDoggo: ik ben een bedrieger naart scijnt
22:38 ShadyCatt  : it has already mimirt
22:38 WickedGrinn: How make town
22:38 RWKgaming  : make settlement
22:38 ShadyCatt  : me da boekje
22:38 ShadyCatt  : waar zit ge ergens
22:38 ShadyCatt  : heb je al town founder dinges gekozen bij coal shop?
22:38 SafetyDoggo: nee
22:38 WickedGrinn: What
22:38 RWKgaming  : da moet ook ni
22:38 ShadyCatt  : ah
22:38 ShadyCatt  : ok gwn settlement dan
22:39 SafetyDoggo: hv hollanders heb je nodig l isa
22:39 ShadyCatt  : boekje → emerald (shop) → glowstone (town) → settlement
22:39 ShadyCatt  : ergens zetten en dan zeggen ze wa ge nodig hebt
22:39 ShadyCatt  : 25 log
22:39 ShadyCatt  : of 99 plank
22:39 SafetyDoggo: cv
22:41 WickedGrinn: I need council room >_>
22:41 RWKgaming  : correct
22:41 ShadyCatt  : ja dan moet je da bouwen
22:41 RWKgaming  : in utilities
22:42 ShadyCatt  : omg ik ben een miner
22:42 RWKgaming  : je bent een minor
22:42 RWKgaming  : shit
22:42 ShadyCatt  : HEH
22:42 ShadyCatt  : pedofilie
22:43 SafetyDoggo: ik vind dark oak
22:44 SafetyDoggo: wil?
22:44 ShadyCatt  : sorry
22:44 ShadyCatt  : eh
22:44 ShadyCatt  : kheb dark oak farm
22:44 ShadyCatt  : dus ni nodig
22:44 SafetyDoggo: cvcv
22:44 ShadyCatt  : where you is
22:44 ShadyCatt  : acacia
22:45 ShadyCatt  : btw als iemand ons dorpje wil joinen feel free to ask
22:46 SafetyDoggo: we gaan ff laggen
22:46 ShadyCatt  : DOGGO
22:46 SafetyDoggo: ik zit op zee chunks te laden
22:46 ShadyCatt  : oof das zwaar
22:46 ShadyCatt  : in bootje
22:46 ShadyCatt  : hzo ik dacht jij hebt acacia?
22:46 SafetyDoggo: allesvoor acacia
22:46 ShadyCatt  : alles voor money ja
22:46 SafetyDoggo: neeeee
22:46 WickedGrinn: Anyone got el shelves of book?
22:47 SafetyDoggo: oh lord
22:47 ShadyCatt  : also kunt ge ook een sapling meebrengen
22:47 SafetyDoggo: sue
22:47 SafetyDoggo: usrwe
22:47 ShadyCatt  : ehh ik heb leather
22:47 SafetyDoggo: SURWE
22:47 SafetyDoggo: IK Geef het op
22:47 ShadyCatt  : geen paper farm
22:47 RWKgaming  : da was snel
22:47 ShadyCatt  : :(
22:47 RWKgaming  : hemlo
22:47 ShadyCatt  : hello
22:47 SafetyDoggo: ik vind die acacia wel
22:47 SafetyDoggo: ik gaf gwn op om sure te zeggen
22:48 ShadyCatt  : ah lmao nvm
22:48 ShadyCatt  : spruce planks gaat ook
22:49 SafetyDoggo: oh lol ocean temple
22:49 RWKgaming  : the boy has returned
22:50 ShadyCatt  : ma kheb geen acacia meer nodig schatteke
22:50 SafetyDoggo: srs?
22:50 ShadyCatt  : ja kzei toch da spruce ook goe is
22:50 ShadyCatt  : en ik heb spruce
22:50 SafetyDoggo: imma keep going out of pity
22:50 RWKgaming  : da had ge echt
22:50 ShadyCatt  : alright
22:50 RWKgaming  : een uur eerder moeten zeggen
22:50 ShadyCatt  : sorry
22:50 ShadyCatt  : :(
22:50 ShadyCatt  : i didnt realise
22:50 RWKgaming  : kheb een spruce sapling
22:50 ShadyCatt  : ma ik heb spruce farm stupid
22:50 RWKgaming  : en een home in een spruce biome XD
22:50 jwooonas   : doggo ge het toch een home bij mijn base
22:50 jwooonas   : domme kut
22:50 jwooonas   : follow de railtrack
22:50 SafetyDoggo: help
22:51 SafetyDoggo: im faslling
22:51 jwooonas   : naar devillage
22:51 jwooonas   : vala
22:51 SafetyDoggo: chink laad nie
22:51 RWKgaming  : then perish
22:51 SafetyDoggo: nvmr
22:51 jwooonas   : acacia
22:53 ShadyCatt  : wout
22:53 SafetyDoggo: ik schilpad gevonde
22:53 ShadyCatt  : tp naar mij
22:53 RWKgaming  : wa
22:53 RWKgaming  : ni nu
22:53 ShadyCatt  : omg schildpad!!
22:53 ShadyCatt  : ma
22:54 ShadyCatt  : mijn inn is klaar
22:54 ShadyCatt  : zie
22:54 ShadyCatt  : is mooi
22:54 jwooonas   : nee
22:54 RWKgaming  : ik kom sevves naar uw inn kijken okay schattie?
22:54 ShadyCatt  : :(
22:54 jwooonas   : ni nu
22:54 ShadyCatt  : okay :(
22:54 RWKgaming  : ik end raiden nu
22:54 RWKgaming  : trut ik zoek u vleugels en gij bedankt mij zo
22:55 SafetyDoggo: iem kep hebben
22:55 ShadyCatt  : nah
22:57 SafetyDoggo: finally land
22:58 Noomine    : im being attacked by pahntoms
22:58 ShadyCatt  : sleep
22:59 ShadyCatt  : ?
22:59 Noomine    : not mine
22:59 ShadyCatt  : huh
22:59 ShadyCatt  : is there an insomniac closeby
22:59 Noomine    : i didnt see anyone
22:59 ShadyCatt  : hmm
22:59 ShadyCatt  : strange
22:59 SafetyDoggo: :3
22:59 ShadyCatt  : oh its doggo probably
22:59 ShadyCatt  : the wout=stinky
23:00 SafetyDoggo: no i kzit in wilderniss
23:00 ShadyCatt  : ja zij ook
23:00 ShadyCatt  : towny is sunny
23:00 SafetyDoggo: ik zit in x 2000
23:00 ShadyCatt  : oh
23:00 ShadyCatt  : stop loading chunks bitch
23:00 WickedGrinn: Hoe doet ge kleur in u naam? Is da normaal ni me &?
23:00 SafetyDoggo: IK WIL MIJN HOLLANDERS VINDEN
23:00 ShadyCatt  : yes
23:00 ShadyCatt  : mijne was vb /nick &dLisa
23:00 ShadyCatt  : moet er direct aan plakken
23:01 SafetyDoggo: was rood?
23:01 WickedGrinn: ./nick &6Grinn geeft error
23:01 ShadyCatt  : huh
23:01 SafetyDoggo: daggoe
23:01 SafetyDoggo: NEEE
23:01 SafetyDoggo: doe rood
23:01 WickedGrinn: "Must be alphanumeric"
23:01 ShadyCatt  : weird
23:01 WickedGrinn: Huh
23:01 ShadyCatt  : kheb et juist veranderd voor u
23:01 WickedGrinn: Ik dacht dat da aqua was
23:01 SafetyDoggo: rood
23:01 SafetyDoggo: hoew i doew
23:01 SafetyDoggo: green
23:01 ShadyCatt  : idk the color
23:02 WickedGrinn: Sec
23:02 WickedGrinn: b
23:02 WickedGrinn: T'is b
23:02 ShadyCatt  : fix?
23:02 WickedGrinn: Thank
23:02 ShadyCatt  : np
23:02 SafetyDoggo: vewrdoem
23:02 WickedGrinn: 4 is rood
23:02 SafetyDoggo: ben ik ff gwn de lelijkste kleur
23:02 ShadyCatt  : ah
23:02 ShadyCatt  : heh
23:02 ShadyCatt  : checks out
23:03 SafetyDoggo: he?
23:03 ShadyCatt  : nikske
23:03 SafetyDoggo: wrm ik naam nie mag verandere
23:03 SafetyDoggo: doe is voor mijn ;Lisa
23:03 ShadyCatt  : mimir!! mimir!!!
23:03 ShadyCatt  : jawel kun je wel
23:03 SafetyDoggo: &4Doggo
23:03 SafetyDoggo: doe
23:03 SafetyDoggo: ikcnie ma
23:03 jwooonas   : a mimir eerst
23:03 SafetyDoggo: is nie alphaw
23:03 SafetyDoggo: yippie
23:04 ShadyCatt  : ela
23:04 RWKgaming  : segey
23:04 RWKgaming  : alleen ikke rood
23:04 SafetyDoggo: ne
23:04 SafetyDoggo: ik vind rood mooi
23:05 SafetyDoggo: dag 5
23:05 SafetyDoggo: satill no hollanders
23:05 WickedGrinn: &c voor lichtrood als ge per se ander rood wilt btw >_>
23:05 jwooonas   : doggo
23:06 SafetyDoggo: nee
23:06 RWKgaming  : op god op god het boeit mij ni
23:06 jwooonas   : het gij geen home bij mij?
23:06 SafetyDoggo: nie meer nee
23:06 jwooonas   : ma
23:06 SafetyDoggo: das en ocean monument nu
23:06 WickedGrinn: Of als hexcodes hier werken kunt ge &x&f&f&0&0&0&0 gebruiken voor rood
23:06 jwooonas   : daar is letterlijk een railtrack die naar een savanna ga
23:07 SafetyDoggo: ikke zwemmen met de dolpins
23:07 SafetyDoggo: nee das lelijk rood
23:07 SafetyDoggo: terug NU
23:07 ShadyCatt  : heh
23:07 ShadyCatt  : ei nee lijkt op mij
23:07 jwooonas   : ik wil paars vanleemhuyzen
23:08 ShadyCatt  : welke code is da
23:08 WickedGrinn: 5
23:08 jwooonas   : no clue
23:08 jwooonas   : ah
23:09 jwooonas   : omg
23:09 ShadyCatt  : eindelijk
23:09 ShadyCatt  : dream comes true
23:10 SafetyDoggo: KIJK LISA
23:10 SafetyDoggo: geen acacia
23:14 Noomine placed suspicious WATER_BUCKET @ Resource_world: x391, z-3512
23:14 Noomine placed suspicious LAVA_BUCKET @ Resource_world: x389, z-3517
23:14 Noomine placed suspicious WATER_BUCKET @ Resource_world: x388, z-3517
23:14 Noomine placed suspicious WATER_BUCKET @ Resource_world: x389, z-3517
23:19 ShadyCatt  : mimir
23:26 RWKgaming  : lapis?
23:27 Noomine placed suspicious WATER_BUCKET @ Resource_world: x331, z-4870
23:27 WickedGrinn: Hoe steek ik die blocks in die council room om da te bouwen?
23:27 ShadyCatt  : eh ge steekt die er gwn in?
23:27 WickedGrinn: What mean? Nothing is placed?
23:27 ShadyCatt  : als er zo requirements zijn die lelijk zijn kunt ge da gwn onder de grond zetten
23:27 ShadyCatt  : huh
23:27 ShadyCatt  : gwn een gebouw maken
23:27 RWKgaming  : ja
23:28 RWKgaming  : alle blokken van de reqs int gebouw je
23:28 RWKgaming  : ja
23:28 RWKgaming  : lisa you are tupid
23:28 ShadyCatt  : en dan zet ge da blok er in en dan checkt da of alles er is
23:28 WickedGrinn: Ah ik moet effectief iets bouwen >_>
23:28 ShadyCatt  : ja hahaha
23:28 jwooonas   : nee ge moet naar de items kijke dot ze tot stof vergaan en dan krijgt ge da
23:29 RWKgaming  : imagine
23:31 jwooonas   : dragon
23:34 RWKgaming  : oeh
23:34 RWKgaming  : inn pretty
23:34 ShadyCatt  : jeej
23:34 ShadyCatt  : ja moooi he
23:34 ShadyCatt  : ga eens naar binnen :(
23:36 RWKgaming  : ik heb hollandhout
23:36 ShadyCatt  : ma ik hoef ni
23:36 ShadyCatt  : toch goed haha
23:36 RWKgaming  : yall are stupid
23:36 RWKgaming  : das super close bij de wild spawn
23:37 ShadyCatt  : ah lmao
23:39 RWKgaming  : you know
23:39 RWKgaming  : it seems
23:39 RWKgaming  : that exploring with an elytra
23:39 RWKgaming  : is not a good idea
23:39 WickedGrinn: Agreed >_>
23:39 ShadyCatt  : stupid
23:40 ShadyCatt  : heeft iemand al tulips en allium gevonden
23:40 ShadyCatt  : i need for flower garden
23:40 RWKgaming  : nop
23:45 ShadyCatt  : am go eepy
23:45 ShadyCatt  : byebye
23:46 RWKgaming  : wrm de fuck was men fly aan
23:46 xEnderyLoyx: omdat die aan stond
23:46 RWKgaming  : danku voor uw amazing input lyo
23:47 jwooonas   : xD
23:47 xEnderyLoyx: yw:3
23:47 RWKgaming  : ill be sure to never ask you anything egain
23:47 xEnderyLoyx: egain
23:47 RWKgaming  : creeper came
23:47 xEnderyLoyx: aww man
23:48 Noomine    : omg
23:48 Noomine    : theres frogs
23:48 RWKgaming  : correct
23:48 RWKgaming  : they eat slimes and drop lämp
23:49 WickedGrinn: When they eat magma cubes only, no?
23:49 RWKgaming  : or slime
23:49 RWKgaming  : either cuub mob
23:49 jwooonas   : mimir
23:49 Noomine    : 1.19 feels like its modded jesus
23:49 RWKgaming  : XD
23:49 RWKgaming  : 1.20 is worse
23:49 RWKgaming  : in that regard
23:49 WickedGrinn: Wait till you see 1.20
23:49 RWKgaming  : you can do archeology
23:49 WickedGrinn: Friggin sakura biome
23:49 RWKgaming  : and there is cherry blossoms
23:49 jwooonas   : wait till you see 1.50
23:50 Noomine    : thats all pretty cool and all but doesnt really have that mc vibe anymore imo
23:50 RWKgaming  : to me it still feels normal because i witnessed every update as it came out
23:51 WickedGrinn: Same
23:55 jwooonas placed suspicious WATER_BUCKET @ Towny: x-898, z-952
