23:32 beastyos  : hi
23:32 ShadyCatt : ello
23:32 ShadyCatt : sorry for shutdown
23:33 ShadyCatt : also maybe not put a lantern on every fence in parkour
23:33 ShadyCatt : its a bit much xD
23:33 beastyos  : yes but look good
23:33 beastyos  : NOOOOO THE TP'ING IS BACK
23:33 ShadyCatt : but how??
23:33 ShadyCatt : thats so weird
23:33 ShadyCatt : the moon is moving really quickly
23:33 beastyos  : 2 TIMES IN 5 SEC
23:34 ShadyCatt : ??
23:34 ShadyCatt : how even
23:34 beastyos  : WHAT
23:34 beastyos  : STOP
23:34 beastyos  : AGAIN
23:34 beastyos  : LOOK AT THIS
23:34 ShadyCatt : you can leave a few
23:34 ShadyCatt : i like them
23:34 ShadyCatt : just not too many
23:37 beastyos  : I get it now
23:37 ShadyCatt : oh?
23:37 beastyos  : the portals are fucked
23:37 beastyos  : you can't stand above them without being teleported
23:38 beastyos  : and when you build above them you get teleported above them
23:38 beastyos  : which is fucked
23:38 ShadyCatt : lmao
23:38 beastyos  : that was not needed
23:39 ShadyCatt : can help me
23:39 ShadyCatt : come here
23:39 ShadyCatt : thank
23:39 beastyos  : what's up
23:39 ShadyCatt : can you remove block
23:39 beastyos  : what
23:39 ShadyCatt : try
23:40 ShadyCatt : oh it work!!
23:40 ShadyCatt : jesus fuck
23:40 beastyos  : I HAD A HEART ATTACK
23:40 ShadyCatt : so you cant remove block?
23:40 ShadyCatt : try add block
23:40 beastyos  : no
23:40 ShadyCatt : alright
23:40 ShadyCatt : i op'd you
23:41 ShadyCatt : so calm tf down
23:41 ShadyCatt : eh
23:41 beastyos  : I don't like fealing powerless
23:41 ShadyCatt : ocharmekes
23:41 beastyos  : okay that's a lie
23:41 ShadyCatt : also good lantern
23:41 beastyos  : I'm the most sub sub of all the subs
23:41 beastyos  : but stfy
23:41 beastyos  : but stfu
23:41 ShadyCatt : shut the fuck you?
23:42 beastyos  : hey no shut the fuck you
23:42 ShadyCatt : shut the fuck you!!
23:42 beastyos  : YOU SHUT THE FUCK YOU
23:42 ShadyCatt : >:(
23:43 beastyos  : I'd love for us to use this out of nowhere in nap and make people so confused
