17:17 ShadyCatt :  placed a sign @ world: x-45, z41
  ello
17:42 ShadyCatt :  placed a sign @ world: x-51, z49
  For more
  information,
  use the command
  /kit info
17:43 ShadyCatt :  placed a sign @ world: x-54, z39
  Use
  /kit info
  to get info on
  how to start!
17:50 ShadyCatt : ello
18:11 ShadyCatt : ello
18:11 ShadyCatt : yey
18:11 ShadyCatt : i love
18:33 ShadyCatt : ello
20:26 ShadyCatt : heyy!
20:26 Xgamerr12 : hi
20:27 ShadyCatt : kzal u efkes mod geven
20:27 ShadyCatt : alright normaal zijt ge mod nu
20:28 Xgamerr12 : .
20:28 Xgamerr12 : ok en wat kan mod allemaal exact?
20:28 ShadyCatt : ban en mute normaal
20:29 ShadyCatt : ook ban ip
20:29 ShadyCatt : ello!
20:30 ShadyCatt : voila jij ook mod nu
20:30 jwooonas  : oh my god
20:30 jwooonas  : wow
20:30 ShadyCatt : ? bad or good wow
20:32 jwooonas  : portal back doesn't work i think
20:32 ShadyCatt : ah ja bij wild ni
20:32 ShadyCatt : fuck wout moest da nog veranderen haha
20:32 ShadyCatt : kunt altijd /warp spawn doen
20:33 ShadyCatt : lmao
20:35 ShadyCatt : ola
20:35 ShadyCatt : free tools van die civs
20:37 ShadyCatt : eyy dag doggo
20:37 SafetyDoggo: nee
20:37 ShadyCatt  : oke
20:37 SafetyDoggo: noep
20:37 ShadyCatt  : noep
20:39 SafetyDoggo: lisa
20:39 ShadyCatt  : ja
20:39 SafetyDoggo: meenj da nu
20:39 ShadyCatt  : nee
20:39 ShadyCatt  : wa ist
20:39 SafetyDoggo: die chest einde parkour
20:39 SafetyDoggo: kan nie open\
20:40 ShadyCatt  : LMAO
20:40 ShadyCatt  : beestjes heeft da daar gezet
20:40 ShadyCatt  : wilje weten wa er in zit
20:40 Xgamerr12  : yes
20:40 SafetyDoggo: ja
20:40 ShadyCatt  : /whisper SafetyDoggo you just wasted your time 
20:40 ShadyCatt  : kheb et gewhispered hehe
20:40 ShadyCatt  : my dude
20:40 ShadyCatt  : how
20:40 SafetyDoggo: ambatkum
20:41 jwooonas   : how wat
20:42 SafetyDoggo: lisa
20:42 SafetyDoggo: kom is
20:42 ShadyCatt  : yes
20:42 SafetyDoggo: da sra ier volvme gold
20:42 ShadyCatt  : cool eh die tpa
20:42 ShadyCatt  : wa ist
20:42 SafetyDoggo: gold
20:42 ShadyCatt  : how u know
20:42 ShadyCatt  : doggo
20:42 ShadyCatt  : ni cheaten eh
20:42 SafetyDoggo: da sta ier
20:42 ShadyCatt  : ??
20:42 SafetyDoggo: wss door me shaders
20:43 ShadyCatt  : doggo...
20:43 ShadyCatt  : wow
20:43 ShadyCatt  : goat killer
20:43 SafetyDoggo: yea
20:43 ShadyCatt  : ahh ikke dood in sneeuw
20:43 SafetyDoggo: ik zie niks
20:43 ShadyCatt  : das pech
20:44 ShadyCatt  : eyi
20:44 ShadyCatt  : how u come here
20:44 ShadyCatt  : godverdoem
20:44 ShadyCatt  : doggo hzo zijt gij getp'd
20:44 ShadyCatt  : ah lmao
20:44 SafetyDoggo: i kheb u in de sneeuw zien zinke noep
20:44 ShadyCatt  : you can just do that
20:44 ShadyCatt  : of ik toch
20:44 ShadyCatt  : :(
20:44 Xgamerr12  : why no acces to spawn command?
20:45 ShadyCatt  : kheb geprobeerd te fixen ma idk hoe je /spawn doet
20:45 ShadyCatt  : tis gwn /warp spawn nu
20:45 jwooonas   : kist me jungle planks van iem?
20:45 ShadyCatt  : euh
20:45 ShadyCatt  : ni van mij
20:46 jwooonas   : ook ni van x en doggo
20:46 jwooonas   : me can keep?
20:46 ShadyCatt  : weird
20:46 ShadyCatt  : sure
20:46 jwooonas   : ty
20:46 ShadyCatt  : wss nog van building phase
20:47 ShadyCatt  : idk why someone would put it there tho
20:47 jwooonas   : we slep pls?
20:47 SafetyDoggo: no griefing pls
20:47 ShadyCatt  : kheb nog geen bedje
20:47 ShadyCatt  : normaal kan 50% slapen
20:47 SafetyDoggo: ik ook nie
20:47 ShadyCatt  : also kunt claimen
20:47 ShadyCatt  : like blokje claimen
20:47 jwooonas   : ./kit starter geeft bedje
20:48 ShadyCatt  : ah right lmao
20:58 Xgamerr12  : zzzz
20:58 ShadyCatt  : ello
20:59 Xgamerr12  : ello hoobadoobaboo
20:59 HoobaDoobaBoo: hello
20:59 HoobaDoobaBoo: 4 dabloons
21:00 HoobaDoobaBoo: hoe ga ik naar mining dingske
21:00 ShadyCatt    : ./warp wild
21:00 Xgamerr12    : wandel door de portal
21:00 HoobaDoobaBoo: thanks
21:01 ShadyCatt    : kunt ook boekje krijgen me /kit info
21:03 HoobaDoobaBoo: GOOGOOGAGA
21:03 ShadyCatt    : lmao
21:05 HoobaDoobaBoo: ./give HoobaDoobaBoo diamond 9999
21:05 HoobaDoobaBoo: typ da in chat zonder da .je
21:05 jwooonas     : lol
21:05 ShadyCatt    : hmm kga da nekeer proberen
21:06 HoobaDoobaBoo: en lukt t
21:06 SafetyDoggo  : JA
21:08 jwooonas     : amethyst voor 5 mil per stuk
21:08 HoobaDoobaBoo: MIL?
21:10 ShadyCatt    : sleepy
21:10 ShadyCatt    : im eepy
21:10 SafetyDoggo  : stfu
21:10 HoobaDoobaBoo: dam
21:15 HoobaDoobaBoo: pog
21:18 HoobaDoobaBoo: is er een plugin voor spawner pickups?
21:18 ShadyCatt    : ehh
21:18 ShadyCatt    : ni hier
21:18 HoobaDoobaBoo: jammer vond er net ene
21:18 ShadyCatt    : je hebt wel like 10 /sethome dus kunt er wel farm van maken fzo
21:18 HoobaDoobaBoo: tis maar een zombie spawner xd
21:21 jwooonas     : EGA for 100mil
21:21 SafetyDoggo  : scammer
21:23 jwooonas     :  placed a sign @ Towny: x-895, z-949
  seopolis
  coming soon
  dont trust the
  neighbors
21:23 jwooonas     :  placed a sign @ Towny: x-896, z-949
  especially xgamer
21:24 HoobaDoobaBoo: I FOUND 2 PINK SHEEP
21:24 ShadyCatt    : ooh
21:24 ShadyCatt    : kill
21:24 HoobaDoobaBoo: WAT
21:24 SafetyDoggo  : kill them\
21:24 HoobaDoobaBoo: no :(
21:26 jwooonas     :  placed a sign @ Towny: x-929, z-999
  e
21:26 jwooonas     :  placed a sign @ Towny: x-927, z-999
  noep
21:27 jwooonas     :  placed a sign @ Towny: x-894, z-949
  neen
21:28 HoobaDoobaBoo: how do claim
21:28 ShadyCatt    : with golden shovel
21:28 ShadyCatt    : ./kit claim
21:28 HoobaDoobaBoo: ty
21:28 jwooonas     : ./alphamaleclaimwife
21:28 HoobaDoobaBoo: yo sick
21:28 ShadyCatt    : also free golden shovels lmao
21:29 HoobaDoobaBoo: 67 blocks maar?
21:29 ShadyCatt    : normaal begin je me wa
21:29 ShadyCatt    : heb je al ergens een chest gezet fzo?
21:29 HoobaDoobaBoo: ja in een andere warp
21:29 ShadyCatt    : kunt doen /abandonallclaims om all u claim blocks terug te krijgen
21:29 ShadyCatt    : best om enkel in towny te doen
21:29 HoobaDoobaBoo: oke merci
21:30 ShadyCatt    : krijgt 200 blocks per uur online en kunt ook kopen voor 100 dollar per
21:30 HoobaDoobaBoo: hoe krijg ik meer
21:30 ShadyCatt    : awel 200 per uur en kunt kopen voor 100 dollar
21:30 ShadyCatt    : 100 dollar per wel
21:30 HoobaDoobaBoo: waar koop ik die
21:30 ShadyCatt    : kunt balance omhoog krijgen me shops en /sell
21:30 ShadyCatt    : ./buyclaim
21:31 HoobaDoobaBoo: 100 per block????
21:31 ShadyCatt    : yep haha
21:31 HoobaDoobaBoo: jeetje mia
21:31 ShadyCatt    : ik bouw ook gwn zonder claim effe haha
21:31 ShadyCatt    : maja als je enkele uren online bent heb je er al direct wa
21:31 jwooonas     :  placed a sign @ Towny: x-893, z-950
  henk de lama
21:38 jwooonas     : /whisper 
21:39 Xgamerr12    : /whisper 
21:39 Xgamerr12    : /whisper 
21:53 HoobaDoobaBoo: man has diamond armor I don't even have a roof XD
22:01 jwooonas     :  placed a sign @ Towny: x-900, z-950
  x de cactus
22:02 jwooonas     :  placed a sign @ Towny: x-900, z-948
  x de cactus
22:02 ShadyCatt    : forgor to claim
22:02 SafetyDoggo  : zooo liegen
22:05 SafetyDoggo  : betas
22:05 HoobaDoobaBoo: yes?
22:05 SafetyDoggo  : ik ook
22:07 SafetyDoggo  : DIE WARDEN MOET DESPAWNEN
22:34 RWKgaming    : tic issue?
22:53 RWKgaming    : sup beestje
22:53 beastyos     : hi
22:53 beastyos     : there goes furry man
22:53 RWKgaming    : he has a warden problem dont mind him
22:54 beastyos     : he he he I made this
22:54 beastyos     : hehehe I made this too
22:54 RWKgaming    : i have found my calling
22:54 RWKgaming    : i will become....
22:55 RWKgaming    : a copper merchant
22:55 beastyos     : beautifel
22:55 RWKgaming    : also got diamonds within 10 seconds of starting
22:55 beastyos     : I think I'm gonna be a librarian
22:55 beastyos     : Just keeping track of the server lore and what happens
22:55 beastyos     : omg I made this too
22:56 beastyos     : how's warden
22:56 RWKgaming    : from what i can hear
22:56 RWKgaming    : bad
22:56 beastyos     : I see
22:56 beastyos     : lmaooo
22:56 RWKgaming    : "he's right behind me isnt he"
22:56 beastyos     : why you both cats
22:56 RWKgaming    : furious yelling
22:56 RWKgaming    : i am rwkatto
22:57 beastyos     : lmaoo
22:57 beastyos     : R.I.P. bozo
22:57 RWKgaming    : he is crying now
22:57 beastyos     : I need to hear this
22:57 RWKgaming    : join then
22:57 beastyos     : hold on
22:58 beastyos     : amazing
22:59 beastyos     : I made this
22:59 SafetyDoggo  : F
22:59 beastyos     : I made you die
22:59 beastyos     : time to steal loot
22:59 RWKgaming    : leveling my agility
22:59 RWKgaming    : perish
22:59 RWKgaming    : peasant
22:59 RWKgaming    : you may have
22:59 RWKgaming    : exactly
22:59 RWKgaming    : 1 copper
22:59 RWKgaming    : for your troubles
22:59 beastyos     : I literally caused you to die
23:00 beastyos     : but yes my troubles
23:00 RWKgaming    : was leveling agiility
23:00 RWKgaming    : while having fun
23:00 RWKgaming    : i see this as an absolute win
23:00 beastyos     : the parkour is fun right
23:00 beastyos     : balls
23:00 RWKgaming    : dick
23:00 beastyos     : cock
23:00 beastyos     : stop singing my ears are bleeding
23:01 beastyos     : no because I like chlatt
23:01 SafetyDoggo  : jslet
23:01 beastyos     : there he is, there's my least favourite white boy
23:01 beastyos     : idd
23:01 beastyos     : very fun white boy all white boys considered
23:02 beastyos     : OOOH CREEPERS
23:02 beastyos     : I'm the queen of comedic timing
23:02 beastyos     : that was on purpose
23:02 beastyos     : all staged
23:03 beastyos     : ART IS A LIE
23:03 beastyos     : NOTHING IS REAL
23:03 beastyos     : with great power comes massive balls
23:04 beastyos     : die you mortall
23:04 beastyos     : FUCKKK IM NO LONGER OP
23:04 RWKgaming    : lmao noob
23:04 beastyos     : I'm not longer better then people
23:04 beastyos     : but I like being better then people
23:04 beastyos     : my mouse is broken
23:04 beastyos     : I can only move very limited
23:05 beastyos     : zombies am I right
23:05 beastyos     : fuck you
23:05 beastyos     : I'm cute like irl you bitch
23:05 beastyos     : he's death innit
23:06 beastyos     : why you little
23:06 beastyos     : what's up dog
23:06 beastyos     : haha comedy
23:07 beastyos     : take me
23:07 beastyos     : oh shit
23:07 beastyos     : i fell
23:07 beastyos     : nooo not the music
23:07 beastyos     : you evil mf
23:08 beastyos     : doggo you're screaming is worse then my grandma fucking a cat with testicilar cancer dipped in mustard
23:08 beastyos     : don't ask
23:08 beastyos     : I have connections
23:09 beastyos     : well I know the cat not my grandma
23:09 beastyos     : well the cat was in my grandma
23:09 beastyos     : I will suck a cock
23:09 beastyos     : watch me
23:10 beastyos     : I AM GAY BUT LESBIAN GAY
23:10 beastyos     : girl can have penis
23:10 beastyos     : lesbians can also have needs
23:10 beastyos     : I'm a child
23:10 beastyos     : let me remind you
23:11 beastyos     : HAHAHAHA COMEDY
23:11 beastyos     : not funny
23:11 beastyos     : PADUM
23:11 beastyos     : DIDN'T LAUGH
23:11 beastyos     : PU PU
23:11 beastyos     : is your towny in peacful
23:11 beastyos     : take that back
23:11 beastyos     : I never die
23:12 beastyos     : never
23:12 beastyos     : me when the bus bust
23:12 beastyos     : fucking weeb
23:12 beastyos     : weeb
23:13 beastyos     : I'm so daring
23:13 beastyos     : you're 23 and you're the biggest child so like I don't think 16 is young adult
23:14 beastyos     : yep 18
23:14 beastyos     : it has always been
23:14 beastyos     : doing your mom is still illegal at all age
23:14 beastyos     : incest is incredibly illegal
23:15 beastyos     : pls do daddy
23:15 beastyos     : incest is kinkfest
23:16 beastyos     : doggo I've never wanned to bash my head against a wall more then hearing you speak
23:17 beastyos     : suicide bad
23:17 beastyos     : very bad
23:17 beastyos     : who complaining about me
23:17 beastyos     : I'm pretty good ngl
23:17 beastyos     : 6/10
23:17 beastyos     : on a good day
23:17 beastyos     : what did I do
23:17 beastyos     : tell tell
23:18 beastyos     : y/n
23:19 beastyos     : y/n is like what they put in self insert fanfics as your/name
23:19 beastyos     : me when competitive shitting
23:19 beastyos     : you ain't seen my shit
23:20 beastyos     : ONLY ONCE A DAY
23:20 beastyos     : what
23:20 beastyos     : that seems like a problem
23:20 beastyos     : you need some laxetives
23:22 beastyos     : belgian doom is just godverdoom
23:24 beastyos     : opinion on balls
23:24 beastyos     : same
23:24 beastyos     : a bit overrated
23:24 beastyos     : good with tomato sause
23:25 beastyos     : doggo talks like an 80y and a 5y at the same time
23:25 beastyos     : honestly impressive
23:26 beastyos     : it doggo nappy time
23:26 beastyos     : lil boy needs his nappies
23:27 beastyos     : I don't get how bad you can be at parkour
23:27 beastyos     : like come on
23:28 beastyos     : doggo laks bitches I feel so bad for him
23:28 beastyos     : bye cruel world
23:28 beastyos     : don't tell me how to woords
23:30 beastyos     : hihi
23:30 beastyos     : NOT AGAIN
23:30 beastyos     : it's not even funny
23:32 beastyos     : help
23:32 beastyos     : please
23:32 beastyos     : I have a reacuring decease called "not being a very alive person anymore dicease"
23:33 beastyos     : very rare
23:33 beastyos     : whooo
23:33 beastyos     : there we go again
23:34 ShadyCatt    : allee
23:34 beastyos     : hiii
23:34 ShadyCatt    : ello
23:34 RWKgaming    : id rather you no tp here
23:34 RWKgaming    : this is my home away from town
23:34 beastyos     : why
23:34 RWKgaming    : my place
23:34 RWKgaming    : :)
23:34 ShadyCatt    : i am not wearing glasses
23:34 ShadyCatt    : i cant see
23:34 beastyos     : very cool
23:34 ShadyCatt    : was about to sleep
23:34 RWKgaming    : hebt gij die town shit al gekocht?
23:34 ShadyCatt    : nee
23:34 ShadyCatt    : ik ben juist bezig maar
23:34 beastyos     : vc
23:34 RWKgaming    : ma godverdoem
23:34 beastyos     : we be vc
23:34 ShadyCatt    : ah jama
23:34 RWKgaming    : uhm
23:34 ShadyCatt    : ffs ill get my glasses i suppose
23:35 RWKgaming    : how do i donate money
23:35 RWKgaming    : shit
23:35 RWKgaming    : i didnt think this through XD
23:35 ShadyCatt    : pay
23:35 RWKgaming    : okay schattie gij gaat door al the base steps moeten gaan
23:35 RWKgaming    : though
23:35 RWKgaming    : van boekje
23:35 RWKgaming    : do you hav coal shop shit?
23:36 beastyos     : hi
23:37 beastyos     : I am room
23:38 beastyos     : lisa you sound dead
23:38 beastyos     : NO SLEEP ONLY MINE GAME
23:39 beastyos     : you click de boekje He
23:39 beastyos     : add me
23:39 beastyos     : yes
23:39 beastyos     : I yern for the minesw
23:40 beastyos     : ni kapot doen
23:41 beastyos     : I am assisstant
23:41 beastyos     : monty
23:42 beastyos     : I've been here since ancient times
23:43 beastyos     : maak af
23:43 beastyos     : poor lisa seems like in pure agony
23:43 beastyos     : I feel so bad
23:43 beastyos     : you didn't have to add sweaty
23:44 beastyos     : seems like an abuse releationship
23:44 beastyos     : coming from a child who is not in a releationship
23:45 beastyos     : stardew valley
23:45 beastyos     : lazy town sucks
23:45 beastyos     : the series used to scare me as a child
23:46 beastyos     : gaat ni
23:46 beastyos     : STOP
23:46 beastyos     : WE KNOW
23:47 beastyos     : what about nap valley
23:48 beastyos     : elton was harrassing me in dm's too
23:50 beastyos     : damn that's cringe and pathetic
23:50 beastyos     : he just went "woman on the internet, mine"
23:51 beastyos     : noep
23:51 beastyos     : nope
23:51 beastyos     : I've been banned from servers
23:51 beastyos     : I need to puke wtf
23:51 beastyos     : the cringe
23:52 beastyos     : heyo buckaroo
23:53 beastyos     : oh but that's so cringe I need to cru
23:53 beastyos     : oh but that's so cringe I need to cry
23:53 beastyos     : me when need to cru
23:53 beastyos     : me when I gru
23:53 beastyos     : me when I dispicable me 3 specifically
23:54 beastyos     : this parkour is so easy I don't get how you died
23:54 beastyos     : would not happen to me
23:54 RWKgaming    : lmao
23:54 beastyos     : ART IS A LIE
23:55 beastyos     : NOTHING IS REAL
23:55 beastyos     : that was the whole thing
23:55 beastyos     : it was on purpose to fuck with people
23:55 beastyos     : EVERYTHING IS PLANNED
23:56 beastyos     : I'LL REPEAT
23:56 beastyos     : art is a lie
23:56 beastyos     : nothing is real
23:56 beastyos     : I've said that bo burnham quote way too many times for one evening
23:57 beastyos     : me when permenant
